[INFO ][20170416 12:57:23,424][TcpServer:56] Wenhua Mesage Tcp Server starting...
[INFO ][20170416 12:57:23,493][AbstractApplicationContext:582] Refreshing org.springframework.context.support.ClassPathXmlApplicationContext@1d982af8: startup date [Sun Apr 16 12:57:23 CST 2017]; root of context hierarchy
[INFO ][20170416 12:57:23,556][XmlBeanDefinitionReader:317] Loading XML bean definitions from class path resource [spring-context.xml]
[INFO ][20170416 12:57:23,923][TcpServer:71] ##TcpServer begin start, port is [10089]
[INFO ][20170416 12:57:23,923][TcpServer:25] Server start at [10089]...
[INFO ][20170416 12:58:06,314][ChannelHandlerWenhuaMsgClient:19] MessageProto channelActive
[INFO ][20170416 12:58:06,353][ChannelHandlerWenhuaMsg:20] ##Active
[INFO ][20170416 12:58:06,386][ChannelHandlerWenhuaMsg:27] ##read
[INFO ][20170416 12:58:06,388][ChannelHandlerWenhuaMsg:37] Id[1492318686323] Method[auth] Content[<ByteString@759d36f1 size=5>] ReturnCode[0] ReturnMsg[OK]
[INFO ][20170416 12:58:06,408][ChannelHandlerWenhuaMsg:56] ##readComplete
[INFO ][20170416 12:58:06,414][ChannelHandlerWenhuaMsgClient:31] ##read
[INFO ][20170416 12:58:06,416][ChannelHandlerWenhuaMsgClient:41] Id[1492318686323] Method[auth] Content[<ByteString@71d36bf2 size=96>] ReturnCode[0] ReturnMsg[OK]
[INFO ][20170416 12:59:06,323][ChannelHandlerWenhuaMsg:56] ##readComplete
[INFO ][20170416 13:07:24,751][TcpServer:56] Wenhua Mesage Tcp Server starting...
[INFO ][20170416 13:07:24,812][AbstractApplicationContext:582] Refreshing org.springframework.context.support.ClassPathXmlApplicationContext@207fa3f6: startup date [Sun Apr 16 13:07:24 CST 2017]; root of context hierarchy
[INFO ][20170416 13:07:24,873][XmlBeanDefinitionReader:317] Loading XML bean definitions from class path resource [spring-context.xml]
[INFO ][20170416 13:07:25,107][TcpServer:71] ##TcpServer begin start, port is [10089]
[INFO ][20170416 13:07:25,107][TcpServer:25] Server start at [10089]...
[INFO ][20170416 13:07:31,469][ChannelHandlerWenhuaMsgClient:20] MessageProto channelActive
[INFO ][20170416 13:07:31,519][ChannelHandlerWenhuaMsg:20] ##Active
[INFO ][20170416 13:07:31,546][ChannelHandlerWenhuaMsg:27] ##read
[INFO ][20170416 13:07:31,548][ChannelHandlerWenhuaMsg:37] Id[1492319251481] Method[auth] Content[<ByteString@52b4e7ec size=5>] ReturnCode[0] ReturnMsg[OK]
[INFO ][20170416 13:07:31,579][ChannelHandlerWenhuaMsg:56] ##readComplete
[INFO ][20170416 13:07:31,589][ChannelHandlerWenhuaMsgClient:34] ##read
[INFO ][20170416 13:07:31,592][ChannelHandlerWenhuaMsgClient:44] Id[1492319251481] Method[auth] Content[<ByteString@fb0c124 size=96>] ReturnCode[0] ReturnMsg[OK]
[INFO ][20170416 13:08:00,380][ChannelHandlerWenhuaMsg:56] ##readComplete
[ERROR][20170416 13:08:00,382][ChannelHandlerWenhuaMsg:63] ##exceptionCaught
java.io.IOException: 远程主机强迫关闭了一个现有的连接。
	at sun.nio.ch.SocketDispatcher.read0(Native Method)
	at sun.nio.ch.SocketDispatcher.read(SocketDispatcher.java:43)
	at sun.nio.ch.IOUtil.readIntoNativeBuffer(IOUtil.java:223)
	at sun.nio.ch.IOUtil.read(IOUtil.java:192)
	at sun.nio.ch.SocketChannelImpl.read(SocketChannelImpl.java:384)
	at io.netty.buffer.PooledUnsafeDirectByteBuf.setBytes(PooledUnsafeDirectByteBuf.java:288)
	at io.netty.buffer.AbstractByteBuf.writeBytes(AbstractByteBuf.java:1100)
	at io.netty.channel.socket.nio.NioSocketChannel.doReadBytes(NioSocketChannel.java:372)
	at io.netty.channel.nio.AbstractNioByteChannel$NioByteUnsafe.read(AbstractNioByteChannel.java:123)
	at io.netty.channel.nio.NioEventLoop.processSelectedKey(NioEventLoop.java:624)
	at io.netty.channel.nio.NioEventLoop.processSelectedKeysOptimized(NioEventLoop.java:559)
	at io.netty.channel.nio.NioEventLoop.processSelectedKeys(NioEventLoop.java:476)
	at io.netty.channel.nio.NioEventLoop.run(NioEventLoop.java:438)
	at io.netty.util.concurrent.SingleThreadEventExecutor$5.run(SingleThreadEventExecutor.java:858)
	at io.netty.util.concurrent.DefaultThreadFactory$DefaultRunnableDecorator.run(DefaultThreadFactory.java:144)
	at java.lang.Thread.run(Thread.java:745)
[WARN ][20170416 13:08:00,388][Slf4JLogger:151] An exceptionCaught() event was fired, and it reached at the tail of the pipeline. It usually means the last handler in the pipeline did not handle the exception.
java.io.IOException: 远程主机强迫关闭了一个现有的连接。
	at sun.nio.ch.SocketDispatcher.read0(Native Method)
	at sun.nio.ch.SocketDispatcher.read(SocketDispatcher.java:43)
	at sun.nio.ch.IOUtil.readIntoNativeBuffer(IOUtil.java:223)
	at sun.nio.ch.IOUtil.read(IOUtil.java:192)
	at sun.nio.ch.SocketChannelImpl.read(SocketChannelImpl.java:384)
	at io.netty.buffer.PooledUnsafeDirectByteBuf.setBytes(PooledUnsafeDirectByteBuf.java:288)
	at io.netty.buffer.AbstractByteBuf.writeBytes(AbstractByteBuf.java:1100)
	at io.netty.channel.socket.nio.NioSocketChannel.doReadBytes(NioSocketChannel.java:372)
	at io.netty.channel.nio.AbstractNioByteChannel$NioByteUnsafe.read(AbstractNioByteChannel.java:123)
	at io.netty.channel.nio.NioEventLoop.processSelectedKey(NioEventLoop.java:624)
	at io.netty.channel.nio.NioEventLoop.processSelectedKeysOptimized(NioEventLoop.java:559)
	at io.netty.channel.nio.NioEventLoop.processSelectedKeys(NioEventLoop.java:476)
	at io.netty.channel.nio.NioEventLoop.run(NioEventLoop.java:438)
	at io.netty.util.concurrent.SingleThreadEventExecutor$5.run(SingleThreadEventExecutor.java:858)
	at io.netty.util.concurrent.DefaultThreadFactory$DefaultRunnableDecorator.run(DefaultThreadFactory.java:144)
	at java.lang.Thread.run(Thread.java:745)
[INFO ][20170416 13:08:07,703][ChannelHandlerWenhuaMsg:20] ##Active
[INFO ][20170416 13:08:07,704][ChannelHandlerWenhuaMsgClient:20] MessageProto channelActive
[INFO ][20170416 13:08:07,752][ChannelHandlerWenhuaMsg:27] ##read
[INFO ][20170416 13:08:07,752][ChannelHandlerWenhuaMsg:37] Id[1492319287713] Method[auth] Content[<ByteString@3c744d21 size=5>] ReturnCode[0] ReturnMsg[OK]
[INFO ][20170416 13:08:07,752][ChannelHandlerWenhuaMsg:56] ##readComplete
[INFO ][20170416 13:08:07,759][ChannelHandlerWenhuaMsgClient:34] ##read
[INFO ][20170416 13:08:07,761][ChannelHandlerWenhuaMsgClient:44] Id[1492319287713] Method[auth] Content[<ByteString@1d582a88 size=96>] ReturnCode[0] ReturnMsg[OK]
[INFO ][20170416 13:09:07,707][ChannelHandlerWenhuaMsg:56] ##readComplete
[INFO ][20170416 13:11:51,450][TcpServer:56] Wenhua Mesage Tcp Server starting...
[INFO ][20170416 13:11:51,510][AbstractApplicationContext:582] Refreshing org.springframework.context.support.ClassPathXmlApplicationContext@453130df: startup date [Sun Apr 16 13:11:51 CST 2017]; root of context hierarchy
[INFO ][20170416 13:11:51,572][XmlBeanDefinitionReader:317] Loading XML bean definitions from class path resource [spring-context.xml]
[INFO ][20170416 13:11:51,830][TcpServer:71] ##TcpServer begin start, port is [10089]
[INFO ][20170416 13:11:51,830][TcpServer:25] Server start at [10089]...
[INFO ][20170416 13:12:00,662][ChannelHandlerWenhuaMsgClient:20] MessageProto channelActive
[INFO ][20170416 13:12:00,719][ChannelHandlerWenhuaMsg:20] ##Active
[INFO ][20170416 13:12:00,755][ChannelHandlerWenhuaMsg:27] ##read
[INFO ][20170416 13:12:00,757][ChannelHandlerWenhuaMsg:37] Id[1492319520676] Method[auth] Content[<ByteString@74ef89c6 size=5>] ReturnCode[0] ReturnMsg[OK]
[INFO ][20170416 13:12:00,776][ChannelHandlerWenhuaMsg:56] ##readComplete
[INFO ][20170416 13:12:00,782][ChannelHandlerWenhuaMsgClient:34] ##read
[INFO ][20170416 13:12:00,785][ChannelHandlerWenhuaMsgClient:44] Id[1492319520676] Method[auth] Content[<ByteString@1d7d565c size=5>] ReturnCode[0] ReturnMsg[OK]
[INFO ][20170416 13:12:17,974][ChannelHandlerWenhuaMsg:56] ##readComplete
[ERROR][20170416 13:12:17,975][ChannelHandlerWenhuaMsg:63] ##exceptionCaught
java.io.IOException: 远程主机强迫关闭了一个现有的连接。
	at sun.nio.ch.SocketDispatcher.read0(Native Method)
	at sun.nio.ch.SocketDispatcher.read(SocketDispatcher.java:43)
	at sun.nio.ch.IOUtil.readIntoNativeBuffer(IOUtil.java:223)
	at sun.nio.ch.IOUtil.read(IOUtil.java:192)
	at sun.nio.ch.SocketChannelImpl.read(SocketChannelImpl.java:384)
	at io.netty.buffer.PooledUnsafeDirectByteBuf.setBytes(PooledUnsafeDirectByteBuf.java:288)
	at io.netty.buffer.AbstractByteBuf.writeBytes(AbstractByteBuf.java:1100)
	at io.netty.channel.socket.nio.NioSocketChannel.doReadBytes(NioSocketChannel.java:372)
	at io.netty.channel.nio.AbstractNioByteChannel$NioByteUnsafe.read(AbstractNioByteChannel.java:123)
	at io.netty.channel.nio.NioEventLoop.processSelectedKey(NioEventLoop.java:624)
	at io.netty.channel.nio.NioEventLoop.processSelectedKeysOptimized(NioEventLoop.java:559)
	at io.netty.channel.nio.NioEventLoop.processSelectedKeys(NioEventLoop.java:476)
	at io.netty.channel.nio.NioEventLoop.run(NioEventLoop.java:438)
	at io.netty.util.concurrent.SingleThreadEventExecutor$5.run(SingleThreadEventExecutor.java:858)
	at io.netty.util.concurrent.DefaultThreadFactory$DefaultRunnableDecorator.run(DefaultThreadFactory.java:144)
	at java.lang.Thread.run(Thread.java:745)
[WARN ][20170416 13:12:17,977][Slf4JLogger:151] An exceptionCaught() event was fired, and it reached at the tail of the pipeline. It usually means the last handler in the pipeline did not handle the exception.
java.io.IOException: 远程主机强迫关闭了一个现有的连接。
	at sun.nio.ch.SocketDispatcher.read0(Native Method)
	at sun.nio.ch.SocketDispatcher.read(SocketDispatcher.java:43)
	at sun.nio.ch.IOUtil.readIntoNativeBuffer(IOUtil.java:223)
	at sun.nio.ch.IOUtil.read(IOUtil.java:192)
	at sun.nio.ch.SocketChannelImpl.read(SocketChannelImpl.java:384)
	at io.netty.buffer.PooledUnsafeDirectByteBuf.setBytes(PooledUnsafeDirectByteBuf.java:288)
	at io.netty.buffer.AbstractByteBuf.writeBytes(AbstractByteBuf.java:1100)
	at io.netty.channel.socket.nio.NioSocketChannel.doReadBytes(NioSocketChannel.java:372)
	at io.netty.channel.nio.AbstractNioByteChannel$NioByteUnsafe.read(AbstractNioByteChannel.java:123)
	at io.netty.channel.nio.NioEventLoop.processSelectedKey(NioEventLoop.java:624)
	at io.netty.channel.nio.NioEventLoop.processSelectedKeysOptimized(NioEventLoop.java:559)
	at io.netty.channel.nio.NioEventLoop.processSelectedKeys(NioEventLoop.java:476)
	at io.netty.channel.nio.NioEventLoop.run(NioEventLoop.java:438)
	at io.netty.util.concurrent.SingleThreadEventExecutor$5.run(SingleThreadEventExecutor.java:858)
	at io.netty.util.concurrent.DefaultThreadFactory$DefaultRunnableDecorator.run(DefaultThreadFactory.java:144)
	at java.lang.Thread.run(Thread.java:745)
[INFO ][20170416 14:09:36,652][ChannelHandlerWenhuaMsgClient:20] MessageProto channelActive
[INFO ][20170416 14:09:36,783][ChannelHandlerWenhuaMsgClient:34] ##read
[INFO ][20170416 14:09:36,786][ChannelHandlerWenhuaMsgClient:44] Id[1492322976661] Method[auth] Content[<ByteString@75055c5 size=5>] ReturnCode[0] ReturnMsg[OK]
[INFO ][20170416 16:20:50,980][TcpServer:56] Wenhua Mesage Tcp Server starting...
[INFO ][20170416 16:20:51,089][AbstractApplicationContext:582] Refreshing org.springframework.context.support.ClassPathXmlApplicationContext@207fa3f6: startup date [Sun Apr 16 16:20:51 CST 2017]; root of context hierarchy
[INFO ][20170416 16:20:51,151][XmlBeanDefinitionReader:317] Loading XML bean definitions from class path resource [spring-context.xml]
[INFO ][20170416 16:20:51,401][XmlBeanDefinitionReader:317] Loading XML bean definitions from class path resource [spring-context-tcp-server]
[INFO ][20170416 16:21:15,050][TcpServer:56] Wenhua Mesage Tcp Server starting...
[INFO ][20170416 16:21:15,113][AbstractApplicationContext:582] Refreshing org.springframework.context.support.ClassPathXmlApplicationContext@453130df: startup date [Sun Apr 16 16:21:15 CST 2017]; root of context hierarchy
[INFO ][20170416 16:21:15,175][XmlBeanDefinitionReader:317] Loading XML bean definitions from class path resource [spring-context.xml]
[INFO ][20170416 16:21:15,394][XmlBeanDefinitionReader:317] Loading XML bean definitions from class path resource [spring-context-tcp-server]
[INFO ][20170416 16:22:35,047][TcpServer:56] Wenhua Mesage Tcp Server starting...
[INFO ][20170416 16:22:35,109][AbstractApplicationContext:582] Refreshing org.springframework.context.support.ClassPathXmlApplicationContext@453130df: startup date [Sun Apr 16 16:22:35 CST 2017]; root of context hierarchy
[INFO ][20170416 16:22:35,172][XmlBeanDefinitionReader:317] Loading XML bean definitions from class path resource [spring-context.xml]
[INFO ][20170416 16:22:35,484][PropertiesLoaderSupport:172] Loading properties file from URL [file:/D:/workspace2/wenhua-parent/wenhua-app-tcpserver/target/classes/app-database.properties]
[INFO ][20170416 16:23:40,243][TcpServer:60] Wenhua Mesage Tcp Server starting...
[INFO ][20170416 16:23:40,290][AbstractApplicationContext:582] Refreshing org.springframework.context.support.ClassPathXmlApplicationContext@207fa3f6: startup date [Sun Apr 16 16:23:40 CST 2017]; root of context hierarchy
[INFO ][20170416 16:23:40,353][XmlBeanDefinitionReader:317] Loading XML bean definitions from class path resource [spring-context.xml]
[INFO ][20170416 16:23:40,680][PropertiesLoaderSupport:172] Loading properties file from URL [file:/D:/workspace2/wenhua-parent/wenhua-app-tcpserver/target/classes/app-database.properties]
[INFO ][20170416 16:26:20,948][TcpServer:60] Wenhua Mesage Tcp Server starting...
[INFO ][20170416 16:26:21,009][AbstractApplicationContext:582] Refreshing org.springframework.context.support.ClassPathXmlApplicationContext@1be57c25: startup date [Sun Apr 16 16:26:21 CST 2017]; root of context hierarchy
[INFO ][20170416 16:26:21,068][XmlBeanDefinitionReader:317] Loading XML bean definitions from class path resource [spring-context.xml]
[INFO ][20170416 16:26:21,408][PropertiesLoaderSupport:172] Loading properties file from URL [file:/D:/workspace2/wenhua-parent/wenhua-app-tcpserver/target/classes/app-database.properties]
[INFO ][20170416 16:26:38,646][TcpServer:60] Wenhua Mesage Tcp Server starting...
[INFO ][20170416 16:26:38,707][AbstractApplicationContext:582] Refreshing org.springframework.context.support.ClassPathXmlApplicationContext@453130df: startup date [Sun Apr 16 16:26:38 CST 2017]; root of context hierarchy
[INFO ][20170416 16:26:38,766][XmlBeanDefinitionReader:317] Loading XML bean definitions from class path resource [spring-context.xml]
[INFO ][20170416 16:26:38,979][XmlBeanDefinitionReader:317] Loading XML bean definitions from class path resource [spring-context-tcp-server]
[INFO ][20170416 16:27:05,943][TcpServer:60] Wenhua Mesage Tcp Server starting...
[INFO ][20170416 16:27:06,008][AbstractApplicationContext:582] Refreshing org.springframework.context.support.ClassPathXmlApplicationContext@453130df: startup date [Sun Apr 16 16:27:06 CST 2017]; root of context hierarchy
[INFO ][20170416 16:27:06,078][XmlBeanDefinitionReader:317] Loading XML bean definitions from class path resource [spring-context.xml]
[INFO ][20170416 16:27:06,446][PropertiesLoaderSupport:172] Loading properties file from URL [file:/D:/workspace2/wenhua-parent/wenhua-app-tcpserver/target/classes/app-database.properties]
[INFO ][20170416 16:27:49,031][TcpServer:60] Wenhua Mesage Tcp Server starting...
[INFO ][20170416 16:27:49,090][AbstractApplicationContext:582] Refreshing org.springframework.context.support.ClassPathXmlApplicationContext@1be57c25: startup date [Sun Apr 16 16:27:49 CST 2017]; root of context hierarchy
[INFO ][20170416 16:27:49,146][XmlBeanDefinitionReader:317] Loading XML bean definitions from class path resource [spring-context.xml]
[INFO ][20170416 16:27:49,368][XmlBeanDefinitionReader:317] Loading XML bean definitions from class path resource [spring-context-tcp-server.xml]
[INFO ][20170416 16:27:49,403][XmlBeanDefinitionReader:317] Loading XML bean definitions from class path resource [spring-context-service.xml]
[INFO ][20170416 16:27:49,540][PropertiesLoaderSupport:172] Loading properties file from URL [file:/D:/workspace2/wenhua-parent/wenhua-app-tcpserver/target/classes/app-database.properties]
[INFO ][20170416 16:27:49,584][TcpServer:25] ##TcpServer bean inited
[INFO ][20170416 16:27:49,673][TcpServer:75] ##TcpServer begin start, port is [9527]
[INFO ][20170416 16:27:49,674][TcpServer:29] Server start at [9527]...
[INFO ][20170416 16:42:33,740][TcpServer:60] ##Wenhua Mesage Tcp Server starting...
[INFO ][20170416 16:42:33,801][AbstractApplicationContext:582] Refreshing org.springframework.context.support.ClassPathXmlApplicationContext@207fa3f6: startup date [Sun Apr 16 16:42:33 CST 2017]; root of context hierarchy
[INFO ][20170416 16:42:33,867][XmlBeanDefinitionReader:317] Loading XML bean definitions from class path resource [spring-context.xml]
[INFO ][20170416 16:42:34,095][XmlBeanDefinitionReader:317] Loading XML bean definitions from class path resource [spring-context-tcp-server.xml]
[INFO ][20170416 16:42:34,137][XmlBeanDefinitionReader:317] Loading XML bean definitions from class path resource [spring-context-service.xml]
[INFO ][20170416 16:42:34,280][PropertiesLoaderSupport:172] Loading properties file from URL [file:/D:/workspace2/wenhua-parent/wenhua-app-tcpserver/target/classes/app-database.properties]
[INFO ][20170416 16:42:34,322][TcpServer:25] ##TcpServer bean inited
[INFO ][20170416 16:42:34,399][TcpServer:75] ##TcpServer begin start, port is [9527]
[INFO ][20170416 16:42:34,399][TcpServer:29] ##Server start at [9527]...
[INFO ][20170416 16:42:44,638][ChannelHandlerWenhuaMsgClient:20] MessageProto channelActive
[WARN ][20170416 16:42:44,693][Slf4JLogger:151] Failed to initialize a channel. Closing: [id: 0xa540ea91, L:/127.0.0.1:9527 - R:/127.0.0.1:51064]
org.springframework.beans.factory.BeanCreationException: Error creating bean with name 'channelHandlerWenhuaMsg' defined in class path resource [spring-context-tcp-server.xml]: Error setting property values; nested exception is org.springframework.beans.NotWritablePropertyException: Invalid property 'authService' of bean class [com.wenhua.server.ChannelHandlerWenhuaMsg]: Bean property 'authService' is not writable or has an invalid setter method. Did you mean 'auService'?
	at org.springframework.beans.factory.support.AbstractAutowireCapableBeanFactory.applyPropertyValues(AbstractAutowireCapableBeanFactory.java:1568)
	at org.springframework.beans.factory.support.AbstractAutowireCapableBeanFactory.populateBean(AbstractAutowireCapableBeanFactory.java:1276)
	at org.springframework.beans.factory.support.AbstractAutowireCapableBeanFactory.doCreateBean(AbstractAutowireCapableBeanFactory.java:553)
	at org.springframework.beans.factory.support.AbstractAutowireCapableBeanFactory.createBean(AbstractAutowireCapableBeanFactory.java:483)
	at org.springframework.beans.factory.support.AbstractBeanFactory.doGetBean(AbstractBeanFactory.java:325)
	at org.springframework.beans.factory.support.AbstractBeanFactory.getBean(AbstractBeanFactory.java:202)
	at org.springframework.context.support.AbstractApplicationContext.getBean(AbstractApplicationContext.java:1087)
	at com.wenhua.server.TcpServerInitializer.initChannel(TcpServerInitializer.java:32)
	at com.wenhua.server.TcpServerInitializer.initChannel(TcpServerInitializer.java:1)
	at io.netty.channel.ChannelInitializer.initChannel(ChannelInitializer.java:113)
	at io.netty.channel.ChannelInitializer.handlerAdded(ChannelInitializer.java:105)
	at io.netty.channel.DefaultChannelPipeline.callHandlerAdded0(DefaultChannelPipeline.java:597)
	at io.netty.channel.DefaultChannelPipeline.access$000(DefaultChannelPipeline.java:44)
	at io.netty.channel.DefaultChannelPipeline$PendingHandlerAddedTask.execute(DefaultChannelPipeline.java:1387)
	at io.netty.channel.DefaultChannelPipeline.callHandlerAddedForAllHandlers(DefaultChannelPipeline.java:1122)
	at io.netty.channel.DefaultChannelPipeline.invokeHandlerAddedIfNeeded(DefaultChannelPipeline.java:647)
	at io.netty.channel.AbstractChannel$AbstractUnsafe.register0(AbstractChannel.java:506)
	at io.netty.channel.AbstractChannel$AbstractUnsafe.access$200(AbstractChannel.java:419)
	at io.netty.channel.AbstractChannel$AbstractUnsafe$1.run(AbstractChannel.java:478)
	at io.netty.util.concurrent.AbstractEventExecutor.safeExecute(AbstractEventExecutor.java:163)
	at io.netty.util.concurrent.SingleThreadEventExecutor.runAllTasks(SingleThreadEventExecutor.java:403)
	at io.netty.channel.nio.NioEventLoop.run(NioEventLoop.java:442)
	at io.netty.util.concurrent.SingleThreadEventExecutor$5.run(SingleThreadEventExecutor.java:858)
	at io.netty.util.concurrent.DefaultThreadFactory$DefaultRunnableDecorator.run(DefaultThreadFactory.java:144)
	at java.lang.Thread.run(Thread.java:745)
Caused by: org.springframework.beans.NotWritablePropertyException: Invalid property 'authService' of bean class [com.wenhua.server.ChannelHandlerWenhuaMsg]: Bean property 'authService' is not writable or has an invalid setter method. Did you mean 'auService'?
	at org.springframework.beans.BeanWrapperImpl.createNotWritablePropertyException(BeanWrapperImpl.java:243)
	at org.springframework.beans.AbstractNestablePropertyAccessor.processLocalProperty(AbstractNestablePropertyAccessor.java:437)
	at org.springframework.beans.AbstractNestablePropertyAccessor.setPropertyValue(AbstractNestablePropertyAccessor.java:292)
	at org.springframework.beans.AbstractNestablePropertyAccessor.setPropertyValue(AbstractNestablePropertyAccessor.java:280)
	at org.springframework.beans.AbstractPropertyAccessor.setPropertyValues(AbstractPropertyAccessor.java:95)
	at org.springframework.beans.AbstractPropertyAccessor.setPropertyValues(AbstractPropertyAccessor.java:75)
	at org.springframework.beans.factory.support.AbstractAutowireCapableBeanFactory.applyPropertyValues(AbstractAutowireCapableBeanFactory.java:1564)
	... 24 more
[INFO ][20170416 16:43:59,454][TcpServer:60] ##Wenhua Mesage Tcp Server starting...
[INFO ][20170416 16:43:59,516][AbstractApplicationContext:582] Refreshing org.springframework.context.support.ClassPathXmlApplicationContext@77396f71: startup date [Sun Apr 16 16:43:59 CST 2017]; root of context hierarchy
[INFO ][20170416 16:43:59,575][XmlBeanDefinitionReader:317] Loading XML bean definitions from class path resource [spring-context.xml]
[INFO ][20170416 16:43:59,824][XmlBeanDefinitionReader:317] Loading XML bean definitions from class path resource [spring-context-tcp-server.xml]
[INFO ][20170416 16:43:59,865][XmlBeanDefinitionReader:317] Loading XML bean definitions from class path resource [spring-context-service.xml]
[INFO ][20170416 16:44:00,001][PropertiesLoaderSupport:172] Loading properties file from URL [file:/D:/workspace2/wenhua-parent/wenhua-app-tcpserver/target/classes/app-database.properties]
[INFO ][20170416 16:44:00,043][TcpServer:25] ##TcpServer bean inited
[INFO ][20170416 16:44:00,118][TcpServer:75] ##TcpServer begin start, port is [9527]
[INFO ][20170416 16:44:00,119][TcpServer:29] ##Server start at [9527]...
[INFO ][20170416 16:44:06,649][ChannelHandlerWenhuaMsgClient:20] MessageProto channelActive
[INFO ][20170416 16:44:06,726][ChannelHandlerWenhuaMsg:61] ##From [127.0.0.1] ReceivedMsg: Id[1492332246659] Method[auth] Content[hello] ReturnCode[0] ReturnMsg[OK]
[INFO ][20170416 16:44:06,752][ChannelHandlerWenhuaMsgClient:34] ##read
[INFO ][20170416 16:44:06,755][ChannelHandlerWenhuaMsgClient:44] Id[1492332246659] Method[auth] Content[<ByteString@1d582a88 size=5>] ReturnCode[0] ReturnMsg[OK]
