[INFO ][20170423 21:18:22,026][AbstractTestContextBootstrapper:260] Loaded default TestExecutionListener class names from location [META-INF/spring.factories]: [org.springframework.test.context.web.ServletTestExecutionListener, org.springframework.test.context.support.DirtiesContextBeforeModesTestExecutionListener, org.springframework.test.context.support.DependencyInjectionTestExecutionListener, org.springframework.test.context.support.DirtiesContextTestExecutionListener, org.springframework.test.context.transaction.TransactionalTestExecutionListener, org.springframework.test.context.jdbc.SqlScriptsTestExecutionListener]
[INFO ][20170423 21:18:22,041][AbstractTestContextBootstrapper:209] Could not instantiate TestExecutionListener [org.springframework.test.context.web.ServletTestExecutionListener]. Specify custom listener classes or make the default listener classes (and their required dependencies) available. Offending class: [javax/servlet/ServletContext]
[INFO ][20170423 21:18:22,054][AbstractTestContextBootstrapper:187] Using TestExecutionListeners: [org.springframework.test.context.support.DirtiesContextBeforeModesTestExecutionListener@5a446cc5, org.springframework.test.context.support.DependencyInjectionTestExecutionListener@424127cf, org.springframework.test.context.support.DirtiesContextTestExecutionListener@439ca904, org.springframework.test.context.transaction.TransactionalTestExecutionListener@621c6849, org.springframework.test.context.jdbc.SqlScriptsTestExecutionListener@3702c2f1]
[INFO ][20170423 21:18:22,142][XmlBeanDefinitionReader:317] Loading XML bean definitions from class path resource [app-context.xml]
[INFO ][20170423 21:18:22,394][AbstractApplicationContext:582] Refreshing org.springframework.context.support.GenericApplicationContext@47ad4d5: startup date [Sun Apr 23 21:18:22 CST 2017]; root of context hierarchy
[INFO ][20170423 21:18:22,581][PropertiesLoaderSupport:172] Loading properties file from URL [file:/D:/git_repository/wh/wenhua-parent/wenhua-service/target/test-classes/app-database.properties]
[ERROR][20170423 21:18:23,175][DruidDataSource:570] testWhileIdle is true, validationQuery not set
[INFO ][20170423 21:18:23,420][DruidDataSource:456] {dataSource-1} inited
[INFO ][20170423 21:18:24,051][TransactionContext:101] Began transaction (1) for test context [DefaultTestContext@5ea0b717 testClass = TestNetBarDao, testInstance = com.wenhua.svr.dao.mybatis.TestNetBarDao@954778a, testMethod = test1@TestNetBarDao, testException = [null], mergedContextConfiguration = [MergedContextConfiguration@76588202 testClass = TestNetBarDao, locations = '{classpath:app-context.xml}', classes = '{}', contextInitializerClasses = '[]', activeProfiles = '{}', propertySourceLocations = '{}', propertySourceProperties = '{}', contextCustomizers = set[[empty]], contextLoader = 'org.springframework.test.context.support.DelegatingSmartContextLoader', parent = [null]]]; transaction manager [org.springframework.jdbc.datasource.DataSourceTransactionManager@87409cf]; rollback [false]
[INFO ][20170423 21:18:24,057][TransactionContext:136] Committed transaction for test context [DefaultTestContext@5ea0b717 testClass = TestNetBarDao, testInstance = com.wenhua.svr.dao.mybatis.TestNetBarDao@954778a, testMethod = test1@TestNetBarDao, testException = [null], mergedContextConfiguration = [MergedContextConfiguration@76588202 testClass = TestNetBarDao, locations = '{classpath:app-context.xml}', classes = '{}', contextInitializerClasses = '[]', activeProfiles = '{}', propertySourceLocations = '{}', propertySourceProperties = '{}', contextCustomizers = set[[empty]], contextLoader = 'org.springframework.test.context.support.DelegatingSmartContextLoader', parent = [null]]].
[INFO ][20170423 21:18:24,065][AbstractApplicationContext:987] Closing org.springframework.context.support.GenericApplicationContext@47ad4d5: startup date [Sun Apr 23 21:18:22 CST 2017]; root of context hierarchy
[WARN ][20170423 21:18:24,068][DisposableBeanAdapter:374] Invocation of destroy method 'close' failed on bean with name 'sqlSession': java.lang.UnsupportedOperationException: Manual close is not allowed over a Spring managed SqlSession
[INFO ][20170423 21:18:24,072][DruidDataSource:1050] {dataSource-1} closed
[INFO ][20170423 21:28:12,896][AbstractTestContextBootstrapper:260] Loaded default TestExecutionListener class names from location [META-INF/spring.factories]: [org.springframework.test.context.web.ServletTestExecutionListener, org.springframework.test.context.support.DirtiesContextBeforeModesTestExecutionListener, org.springframework.test.context.support.DependencyInjectionTestExecutionListener, org.springframework.test.context.support.DirtiesContextTestExecutionListener, org.springframework.test.context.transaction.TransactionalTestExecutionListener, org.springframework.test.context.jdbc.SqlScriptsTestExecutionListener]
[INFO ][20170423 21:28:12,909][AbstractTestContextBootstrapper:209] Could not instantiate TestExecutionListener [org.springframework.test.context.web.ServletTestExecutionListener]. Specify custom listener classes or make the default listener classes (and their required dependencies) available. Offending class: [javax/servlet/ServletContext]
[INFO ][20170423 21:28:12,917][AbstractTestContextBootstrapper:187] Using TestExecutionListeners: [org.springframework.test.context.support.DirtiesContextBeforeModesTestExecutionListener@380a81fd, org.springframework.test.context.support.DependencyInjectionTestExecutionListener@39dc25c9, org.springframework.test.context.support.DirtiesContextTestExecutionListener@2434cccc, org.springframework.test.context.transaction.TransactionalTestExecutionListener@67177a6, org.springframework.test.context.jdbc.SqlScriptsTestExecutionListener@3663698]
[INFO ][20170423 21:28:13,040][XmlBeanDefinitionReader:317] Loading XML bean definitions from class path resource [app-context.xml]
[INFO ][20170423 21:28:13,343][AbstractApplicationContext:582] Refreshing org.springframework.context.support.GenericApplicationContext@7248d0ea: startup date [Sun Apr 23 21:28:13 CST 2017]; root of context hierarchy
[INFO ][20170423 21:28:13,542][PropertiesLoaderSupport:172] Loading properties file from URL [file:/D:/git_repository/wh/wenhua-parent/wenhua-service/target/test-classes/app-database.properties]
[ERROR][20170423 21:28:14,034][DruidDataSource:570] testWhileIdle is true, validationQuery not set
[INFO ][20170423 21:28:14,307][DruidDataSource:456] {dataSource-1} inited
[WARN ][20170423 21:28:14,655][AbstractApplicationContext:550] Exception encountered during context initialization - cancelling refresh attempt: org.springframework.beans.factory.BeanCreationException: Error creating bean with name 'sqlSessionFactory' defined in class path resource [app-context.xml]: Invocation of init method failed; nested exception is org.springframework.core.NestedIOException: Failed to parse mapping resource: 'file [D:\git_repository\wh\wenhua-parent\wenhua-service\target\classes\mapping\NetBarDao.xml]'; nested exception is org.apache.ibatis.builder.BuilderException: Error parsing Mapper XML. Cause: java.lang.IllegalStateException: No typehandler found for property id
[INFO ][20170423 21:28:14,658][DruidDataSource:1050] {dataSource-1} closed
[ERROR][20170423 21:28:14,660][TestContextManager:234] Caught exception while allowing TestExecutionListener [org.springframework.test.context.support.DependencyInjectionTestExecutionListener@39dc25c9] to prepare test instance [com.wenhua.svr.dao.mybatis.TestNetBarDao@4308a2d1]
java.lang.IllegalStateException: Failed to load ApplicationContext
	at org.springframework.test.context.cache.DefaultCacheAwareContextLoaderDelegate.loadContext(DefaultCacheAwareContextLoaderDelegate.java:124)
	at org.springframework.test.context.support.DefaultTestContext.getApplicationContext(DefaultTestContext.java:83)
	at org.springframework.test.context.support.DependencyInjectionTestExecutionListener.injectDependencies(DependencyInjectionTestExecutionListener.java:117)
	at org.springframework.test.context.support.DependencyInjectionTestExecutionListener.prepareTestInstance(DependencyInjectionTestExecutionListener.java:83)
	at org.springframework.test.context.TestContextManager.prepareTestInstance(TestContextManager.java:230)
	at org.springframework.test.context.junit4.SpringJUnit4ClassRunner.createTest(SpringJUnit4ClassRunner.java:228)
	at org.springframework.test.context.junit4.SpringJUnit4ClassRunner$1.runReflectiveCall(SpringJUnit4ClassRunner.java:287)
	at org.junit.internal.runners.model.ReflectiveCallable.run(ReflectiveCallable.java:12)
	at org.springframework.test.context.junit4.SpringJUnit4ClassRunner.methodBlock(SpringJUnit4ClassRunner.java:289)
	at org.springframework.test.context.junit4.SpringJUnit4ClassRunner.runChild(SpringJUnit4ClassRunner.java:247)
	at org.springframework.test.context.junit4.SpringJUnit4ClassRunner.runChild(SpringJUnit4ClassRunner.java:94)
	at org.junit.runners.ParentRunner$3.run(ParentRunner.java:290)
	at org.junit.runners.ParentRunner$1.schedule(ParentRunner.java:71)
	at org.junit.runners.ParentRunner.runChildren(ParentRunner.java:288)
	at org.junit.runners.ParentRunner.access$000(ParentRunner.java:58)
	at org.junit.runners.ParentRunner$2.evaluate(ParentRunner.java:268)
	at org.springframework.test.context.junit4.statements.RunBeforeTestClassCallbacks.evaluate(RunBeforeTestClassCallbacks.java:61)
	at org.springframework.test.context.junit4.statements.RunAfterTestClassCallbacks.evaluate(RunAfterTestClassCallbacks.java:70)
	at org.junit.runners.ParentRunner.run(ParentRunner.java:363)
	at org.springframework.test.context.junit4.SpringJUnit4ClassRunner.run(SpringJUnit4ClassRunner.java:191)
	at org.eclipse.jdt.internal.junit4.runner.JUnit4TestReference.run(JUnit4TestReference.java:86)
	at org.eclipse.jdt.internal.junit.runner.TestExecution.run(TestExecution.java:38)
	at org.eclipse.jdt.internal.junit.runner.RemoteTestRunner.runTests(RemoteTestRunner.java:459)
	at org.eclipse.jdt.internal.junit.runner.RemoteTestRunner.runTests(RemoteTestRunner.java:678)
	at org.eclipse.jdt.internal.junit.runner.RemoteTestRunner.run(RemoteTestRunner.java:382)
	at org.eclipse.jdt.internal.junit.runner.RemoteTestRunner.main(RemoteTestRunner.java:192)
Caused by: org.springframework.beans.factory.BeanCreationException: Error creating bean with name 'sqlSessionFactory' defined in class path resource [app-context.xml]: Invocation of init method failed; nested exception is org.springframework.core.NestedIOException: Failed to parse mapping resource: 'file [D:\git_repository\wh\wenhua-parent\wenhua-service\target\classes\mapping\NetBarDao.xml]'; nested exception is org.apache.ibatis.builder.BuilderException: Error parsing Mapper XML. Cause: java.lang.IllegalStateException: No typehandler found for property id
	at org.springframework.beans.factory.support.AbstractAutowireCapableBeanFactory.initializeBean(AbstractAutowireCapableBeanFactory.java:1628)
	at org.springframework.beans.factory.support.AbstractAutowireCapableBeanFactory.doCreateBean(AbstractAutowireCapableBeanFactory.java:555)
	at org.springframework.beans.factory.support.AbstractAutowireCapableBeanFactory.createBean(AbstractAutowireCapableBeanFactory.java:483)
	at org.springframework.beans.factory.support.AbstractBeanFactory$1.getObject(AbstractBeanFactory.java:306)
	at org.springframework.beans.factory.support.DefaultSingletonBeanRegistry.getSingleton(DefaultSingletonBeanRegistry.java:230)
	at org.springframework.beans.factory.support.AbstractBeanFactory.doGetBean(AbstractBeanFactory.java:302)
	at org.springframework.beans.factory.support.AbstractBeanFactory.getBean(AbstractBeanFactory.java:197)
	at org.springframework.beans.factory.support.DefaultListableBeanFactory.preInstantiateSingletons(DefaultListableBeanFactory.java:742)
	at org.springframework.context.support.AbstractApplicationContext.finishBeanFactoryInitialization(AbstractApplicationContext.java:866)
	at org.springframework.context.support.AbstractApplicationContext.refresh(AbstractApplicationContext.java:542)
	at org.springframework.test.context.support.AbstractGenericContextLoader.loadContext(AbstractGenericContextLoader.java:128)
	at org.springframework.test.context.support.AbstractGenericContextLoader.loadContext(AbstractGenericContextLoader.java:60)
	at org.springframework.test.context.support.AbstractDelegatingSmartContextLoader.delegateLoading(AbstractDelegatingSmartContextLoader.java:108)
	at org.springframework.test.context.support.AbstractDelegatingSmartContextLoader.loadContext(AbstractDelegatingSmartContextLoader.java:251)
	at org.springframework.test.context.cache.DefaultCacheAwareContextLoaderDelegate.loadContextInternal(DefaultCacheAwareContextLoaderDelegate.java:98)
	at org.springframework.test.context.cache.DefaultCacheAwareContextLoaderDelegate.loadContext(DefaultCacheAwareContextLoaderDelegate.java:116)
	... 25 more
Caused by: org.springframework.core.NestedIOException: Failed to parse mapping resource: 'file [D:\git_repository\wh\wenhua-parent\wenhua-service\target\classes\mapping\NetBarDao.xml]'; nested exception is org.apache.ibatis.builder.BuilderException: Error parsing Mapper XML. Cause: java.lang.IllegalStateException: No typehandler found for property id
	at org.mybatis.spring.SqlSessionFactoryBean.buildSqlSessionFactory(SqlSessionFactoryBean.java:466)
	at org.mybatis.spring.SqlSessionFactoryBean.afterPropertiesSet(SqlSessionFactoryBean.java:340)
	at org.springframework.beans.factory.support.AbstractAutowireCapableBeanFactory.invokeInitMethods(AbstractAutowireCapableBeanFactory.java:1687)
	at org.springframework.beans.factory.support.AbstractAutowireCapableBeanFactory.initializeBean(AbstractAutowireCapableBeanFactory.java:1624)
	... 40 more
Caused by: org.apache.ibatis.builder.BuilderException: Error parsing Mapper XML. Cause: java.lang.IllegalStateException: No typehandler found for property id
	at org.apache.ibatis.builder.xml.XMLMapperBuilder.configurationElement(XMLMapperBuilder.java:120)
	at org.apache.ibatis.builder.xml.XMLMapperBuilder.parse(XMLMapperBuilder.java:92)
	at org.mybatis.spring.SqlSessionFactoryBean.buildSqlSessionFactory(SqlSessionFactoryBean.java:464)
	... 43 more
Caused by: java.lang.IllegalStateException: No typehandler found for property id
	at org.apache.ibatis.mapping.ResultMapping$Builder.validate(ResultMapping.java:151)
	at org.apache.ibatis.mapping.ResultMapping$Builder.build(ResultMapping.java:140)
	at org.apache.ibatis.builder.MapperBuilderAssistant.buildResultMapping(MapperBuilderAssistant.java:401)
	at org.apache.ibatis.builder.xml.XMLMapperBuilder.buildResultMappingFromContext(XMLMapperBuilder.java:375)
	at org.apache.ibatis.builder.xml.XMLMapperBuilder.resultMapElement(XMLMapperBuilder.java:279)
	at org.apache.ibatis.builder.xml.XMLMapperBuilder.resultMapElement(XMLMapperBuilder.java:251)
	at org.apache.ibatis.builder.xml.XMLMapperBuilder.resultMapElements(XMLMapperBuilder.java:243)
	at org.apache.ibatis.builder.xml.XMLMapperBuilder.configurationElement(XMLMapperBuilder.java:116)
	... 45 more
[INFO ][20170423 21:32:19,471][AbstractTestContextBootstrapper:260] Loaded default TestExecutionListener class names from location [META-INF/spring.factories]: [org.springframework.test.context.web.ServletTestExecutionListener, org.springframework.test.context.support.DirtiesContextBeforeModesTestExecutionListener, org.springframework.test.context.support.DependencyInjectionTestExecutionListener, org.springframework.test.context.support.DirtiesContextTestExecutionListener, org.springframework.test.context.transaction.TransactionalTestExecutionListener, org.springframework.test.context.jdbc.SqlScriptsTestExecutionListener]
[INFO ][20170423 21:32:19,498][AbstractTestContextBootstrapper:209] Could not instantiate TestExecutionListener [org.springframework.test.context.web.ServletTestExecutionListener]. Specify custom listener classes or make the default listener classes (and their required dependencies) available. Offending class: [javax/servlet/ServletContext]
[INFO ][20170423 21:32:19,501][AbstractTestContextBootstrapper:187] Using TestExecutionListeners: [org.springframework.test.context.support.DirtiesContextBeforeModesTestExecutionListener@4ddb1314, org.springframework.test.context.support.DependencyInjectionTestExecutionListener@69c1adfa, org.springframework.test.context.support.DirtiesContextTestExecutionListener@2a852e54, org.springframework.test.context.transaction.TransactionalTestExecutionListener@da4a29b, org.springframework.test.context.jdbc.SqlScriptsTestExecutionListener@33af751c]
[INFO ][20170423 21:32:19,587][XmlBeanDefinitionReader:317] Loading XML bean definitions from class path resource [app-context.xml]
[INFO ][20170423 21:32:19,831][AbstractApplicationContext:582] Refreshing org.springframework.context.support.GenericApplicationContext@23e94776: startup date [Sun Apr 23 21:32:19 CST 2017]; root of context hierarchy
[INFO ][20170423 21:32:20,015][PropertiesLoaderSupport:172] Loading properties file from URL [file:/D:/git_repository/wh/wenhua-parent/wenhua-service/target/test-classes/app-database.properties]
[ERROR][20170423 21:32:20,442][DruidDataSource:570] testWhileIdle is true, validationQuery not set
[INFO ][20170423 21:32:20,679][DruidDataSource:456] {dataSource-1} inited
[INFO ][20170423 21:32:21,203][TransactionContext:101] Began transaction (1) for test context [DefaultTestContext@4a4f8d22 testClass = TestNetBarDao, testInstance = com.wenhua.svr.dao.mybatis.TestNetBarDao@2cbad94b, testMethod = test1@TestNetBarDao, testException = [null], mergedContextConfiguration = [MergedContextConfiguration@7506fa2 testClass = TestNetBarDao, locations = '{classpath:app-context.xml}', classes = '{}', contextInitializerClasses = '[]', activeProfiles = '{}', propertySourceLocations = '{}', propertySourceProperties = '{}', contextCustomizers = set[[empty]], contextLoader = 'org.springframework.test.context.support.DelegatingSmartContextLoader', parent = [null]]]; transaction manager [org.springframework.jdbc.datasource.DataSourceTransactionManager@1f0fe1de]; rollback [false]
[INFO ][20170423 21:32:21,342][TransactionContext:136] Committed transaction for test context [DefaultTestContext@4a4f8d22 testClass = TestNetBarDao, testInstance = com.wenhua.svr.dao.mybatis.TestNetBarDao@2cbad94b, testMethod = test1@TestNetBarDao, testException = [null], mergedContextConfiguration = [MergedContextConfiguration@7506fa2 testClass = TestNetBarDao, locations = '{classpath:app-context.xml}', classes = '{}', contextInitializerClasses = '[]', activeProfiles = '{}', propertySourceLocations = '{}', propertySourceProperties = '{}', contextCustomizers = set[[empty]], contextLoader = 'org.springframework.test.context.support.DelegatingSmartContextLoader', parent = [null]]].
[INFO ][20170423 21:32:21,348][AbstractApplicationContext:987] Closing org.springframework.context.support.GenericApplicationContext@23e94776: startup date [Sun Apr 23 21:32:19 CST 2017]; root of context hierarchy
[WARN ][20170423 21:32:21,350][DisposableBeanAdapter:374] Invocation of destroy method 'close' failed on bean with name 'sqlSession': java.lang.UnsupportedOperationException: Manual close is not allowed over a Spring managed SqlSession
[INFO ][20170423 21:32:21,354][DruidDataSource:1050] {dataSource-1} closed
[INFO ][20170423 21:34:10,764][AbstractTestContextBootstrapper:260] Loaded default TestExecutionListener class names from location [META-INF/spring.factories]: [org.springframework.test.context.web.ServletTestExecutionListener, org.springframework.test.context.support.DirtiesContextBeforeModesTestExecutionListener, org.springframework.test.context.support.DependencyInjectionTestExecutionListener, org.springframework.test.context.support.DirtiesContextTestExecutionListener, org.springframework.test.context.transaction.TransactionalTestExecutionListener, org.springframework.test.context.jdbc.SqlScriptsTestExecutionListener]
[INFO ][20170423 21:34:10,779][AbstractTestContextBootstrapper:209] Could not instantiate TestExecutionListener [org.springframework.test.context.web.ServletTestExecutionListener]. Specify custom listener classes or make the default listener classes (and their required dependencies) available. Offending class: [javax/servlet/ServletContext]
[INFO ][20170423 21:34:10,793][AbstractTestContextBootstrapper:187] Using TestExecutionListeners: [org.springframework.test.context.support.DirtiesContextBeforeModesTestExecutionListener@5a311ade, org.springframework.test.context.support.DependencyInjectionTestExecutionListener@4ddb1314, org.springframework.test.context.support.DirtiesContextTestExecutionListener@69c1adfa, org.springframework.test.context.transaction.TransactionalTestExecutionListener@2a852e54, org.springframework.test.context.jdbc.SqlScriptsTestExecutionListener@da4a29b]
[INFO ][20170423 21:34:10,886][XmlBeanDefinitionReader:317] Loading XML bean definitions from class path resource [app-context.xml]
[INFO ][20170423 21:34:11,145][AbstractApplicationContext:582] Refreshing org.springframework.context.support.GenericApplicationContext@5072d895: startup date [Sun Apr 23 21:34:11 CST 2017]; root of context hierarchy
[INFO ][20170423 21:34:11,343][PropertiesLoaderSupport:172] Loading properties file from URL [file:/D:/git_repository/wh/wenhua-parent/wenhua-service/target/test-classes/app-database.properties]
[ERROR][20170423 21:34:11,759][DruidDataSource:570] testWhileIdle is true, validationQuery not set
[INFO ][20170423 21:34:11,977][DruidDataSource:456] {dataSource-1} inited
[INFO ][20170423 21:34:12,545][TransactionContext:101] Began transaction (1) for test context [DefaultTestContext@5ea0b717 testClass = TestNetBarDao, testInstance = com.wenhua.svr.dao.mybatis.TestNetBarDao@954778a, testMethod = test1@TestNetBarDao, testException = [null], mergedContextConfiguration = [MergedContextConfiguration@76588202 testClass = TestNetBarDao, locations = '{classpath:app-context.xml}', classes = '{}', contextInitializerClasses = '[]', activeProfiles = '{}', propertySourceLocations = '{}', propertySourceProperties = '{}', contextCustomizers = set[[empty]], contextLoader = 'org.springframework.test.context.support.DelegatingSmartContextLoader', parent = [null]]]; transaction manager [org.springframework.jdbc.datasource.DataSourceTransactionManager@87409cf]; rollback [false]
[INFO ][20170423 21:34:12,669][TransactionContext:136] Committed transaction for test context [DefaultTestContext@5ea0b717 testClass = TestNetBarDao, testInstance = com.wenhua.svr.dao.mybatis.TestNetBarDao@954778a, testMethod = test1@TestNetBarDao, testException = [null], mergedContextConfiguration = [MergedContextConfiguration@76588202 testClass = TestNetBarDao, locations = '{classpath:app-context.xml}', classes = '{}', contextInitializerClasses = '[]', activeProfiles = '{}', propertySourceLocations = '{}', propertySourceProperties = '{}', contextCustomizers = set[[empty]], contextLoader = 'org.springframework.test.context.support.DelegatingSmartContextLoader', parent = [null]]].
[INFO ][20170423 21:34:12,673][AbstractApplicationContext:987] Closing org.springframework.context.support.GenericApplicationContext@5072d895: startup date [Sun Apr 23 21:34:11 CST 2017]; root of context hierarchy
[WARN ][20170423 21:34:12,675][DisposableBeanAdapter:374] Invocation of destroy method 'close' failed on bean with name 'sqlSession': java.lang.UnsupportedOperationException: Manual close is not allowed over a Spring managed SqlSession
[INFO ][20170423 21:34:12,680][DruidDataSource:1050] {dataSource-1} closed
[INFO ][20170423 21:51:36,546][AbstractTestContextBootstrapper:260] Loaded default TestExecutionListener class names from location [META-INF/spring.factories]: [org.springframework.test.context.web.ServletTestExecutionListener, org.springframework.test.context.support.DirtiesContextBeforeModesTestExecutionListener, org.springframework.test.context.support.DependencyInjectionTestExecutionListener, org.springframework.test.context.support.DirtiesContextTestExecutionListener, org.springframework.test.context.transaction.TransactionalTestExecutionListener, org.springframework.test.context.jdbc.SqlScriptsTestExecutionListener]
[INFO ][20170423 21:51:36,563][AbstractTestContextBootstrapper:209] Could not instantiate TestExecutionListener [org.springframework.test.context.web.ServletTestExecutionListener]. Specify custom listener classes or make the default listener classes (and their required dependencies) available. Offending class: [javax/servlet/ServletContext]
[INFO ][20170423 21:51:36,575][AbstractTestContextBootstrapper:187] Using TestExecutionListeners: [org.springframework.test.context.support.DirtiesContextBeforeModesTestExecutionListener@4358be90, org.springframework.test.context.support.DependencyInjectionTestExecutionListener@7747027a, org.springframework.test.context.support.DirtiesContextTestExecutionListener@56f3d4c3, org.springframework.test.context.transaction.TransactionalTestExecutionListener@22157ace, org.springframework.test.context.jdbc.SqlScriptsTestExecutionListener@30317bdd]
[INFO ][20170423 21:51:36,675][XmlBeanDefinitionReader:317] Loading XML bean definitions from class path resource [app-context.xml]
[INFO ][20170423 21:51:36,955][AbstractApplicationContext:582] Refreshing org.springframework.context.support.GenericApplicationContext@718424f: startup date [Sun Apr 23 21:51:36 CST 2017]; root of context hierarchy
[INFO ][20170423 21:51:37,135][PropertiesLoaderSupport:172] Loading properties file from URL [file:/D:/git_repository/wh/wenhua-parent/wenhua-service/target/test-classes/app-database.properties]
[ERROR][20170423 21:51:37,605][DruidDataSource:570] testWhileIdle is true, validationQuery not set
[INFO ][20170423 21:51:37,965][DruidDataSource:456] {dataSource-1} inited
[INFO ][20170423 21:51:38,544][TransactionContext:101] Began transaction (1) for test context [DefaultTestContext@73836c7f testClass = TestNetBarDao, testInstance = com.wenhua.svr.dao.mybatis.TestNetBarDao@39484118, testMethod = test1@TestNetBarDao, testException = [null], mergedContextConfiguration = [MergedContextConfiguration@aa26866 testClass = TestNetBarDao, locations = '{classpath:app-context.xml}', classes = '{}', contextInitializerClasses = '[]', activeProfiles = '{}', propertySourceLocations = '{}', propertySourceProperties = '{}', contextCustomizers = set[[empty]], contextLoader = 'org.springframework.test.context.support.DelegatingSmartContextLoader', parent = [null]]]; transaction manager [org.springframework.jdbc.datasource.DataSourceTransactionManager@36a9ac09]; rollback [false]
[INFO ][20170423 21:51:38,551][TransactionContext:136] Committed transaction for test context [DefaultTestContext@73836c7f testClass = TestNetBarDao, testInstance = com.wenhua.svr.dao.mybatis.TestNetBarDao@39484118, testMethod = test1@TestNetBarDao, testException = [null], mergedContextConfiguration = [MergedContextConfiguration@aa26866 testClass = TestNetBarDao, locations = '{classpath:app-context.xml}', classes = '{}', contextInitializerClasses = '[]', activeProfiles = '{}', propertySourceLocations = '{}', propertySourceProperties = '{}', contextCustomizers = set[[empty]], contextLoader = 'org.springframework.test.context.support.DelegatingSmartContextLoader', parent = [null]]].
[INFO ][20170423 21:51:38,556][AbstractApplicationContext:987] Closing org.springframework.context.support.GenericApplicationContext@718424f: startup date [Sun Apr 23 21:51:36 CST 2017]; root of context hierarchy
[WARN ][20170423 21:51:38,560][DisposableBeanAdapter:374] Invocation of destroy method 'close' failed on bean with name 'sqlSession': java.lang.UnsupportedOperationException: Manual close is not allowed over a Spring managed SqlSession
[INFO ][20170423 21:51:38,564][DruidDataSource:1050] {dataSource-1} closed
[INFO ][20170423 22:21:33,586][AbstractTestContextBootstrapper:260] Loaded default TestExecutionListener class names from location [META-INF/spring.factories]: [org.springframework.test.context.web.ServletTestExecutionListener, org.springframework.test.context.support.DirtiesContextBeforeModesTestExecutionListener, org.springframework.test.context.support.DependencyInjectionTestExecutionListener, org.springframework.test.context.support.DirtiesContextTestExecutionListener, org.springframework.test.context.transaction.TransactionalTestExecutionListener, org.springframework.test.context.jdbc.SqlScriptsTestExecutionListener]
[INFO ][20170423 22:21:33,605][AbstractTestContextBootstrapper:209] Could not instantiate TestExecutionListener [org.springframework.test.context.web.ServletTestExecutionListener]. Specify custom listener classes or make the default listener classes (and their required dependencies) available. Offending class: [javax/servlet/ServletContext]
[INFO ][20170423 22:21:33,608][AbstractTestContextBootstrapper:187] Using TestExecutionListeners: [org.springframework.test.context.support.DirtiesContextBeforeModesTestExecutionListener@30317bdd, org.springframework.test.context.support.DependencyInjectionTestExecutionListener@bb02e3, org.springframework.test.context.support.DirtiesContextTestExecutionListener@75ba8574, org.springframework.test.context.transaction.TransactionalTestExecutionListener@288fbf0e, org.springframework.test.context.jdbc.SqlScriptsTestExecutionListener@754844ef]
[INFO ][20170423 22:21:33,712][XmlBeanDefinitionReader:317] Loading XML bean definitions from class path resource [app-context.xml]
[INFO ][20170423 22:21:33,995][AbstractApplicationContext:582] Refreshing org.springframework.context.support.GenericApplicationContext@18329bfc: startup date [Sun Apr 23 22:21:33 CST 2017]; root of context hierarchy
[INFO ][20170423 22:21:34,183][PropertiesLoaderSupport:172] Loading properties file from URL [file:/D:/git_repository/wh/wenhua-parent/wenhua-service/target/test-classes/app-database.properties]
[ERROR][20170423 22:21:34,604][DruidDataSource:570] testWhileIdle is true, validationQuery not set
[INFO ][20170423 22:21:34,821][DruidDataSource:456] {dataSource-1} inited
[INFO ][20170423 22:21:35,354][TransactionContext:101] Began transaction (1) for test context [DefaultTestContext@6f2c94cc testClass = TestNetBarDao, testInstance = com.wenhua.svr.dao.mybatis.TestNetBarDao@57dd1619, testMethod = test1@TestNetBarDao, testException = [null], mergedContextConfiguration = [MergedContextConfiguration@5292fb8e testClass = TestNetBarDao, locations = '{classpath:app-context.xml}', classes = '{}', contextInitializerClasses = '[]', activeProfiles = '{}', propertySourceLocations = '{}', propertySourceProperties = '{}', contextCustomizers = set[[empty]], contextLoader = 'org.springframework.test.context.support.DelegatingSmartContextLoader', parent = [null]]]; transaction manager [org.springframework.jdbc.datasource.DataSourceTransactionManager@73d5f05f]; rollback [false]
[INFO ][20170423 22:21:35,481][TransactionContext:136] Committed transaction for test context [DefaultTestContext@6f2c94cc testClass = TestNetBarDao, testInstance = com.wenhua.svr.dao.mybatis.TestNetBarDao@57dd1619, testMethod = test1@TestNetBarDao, testException = java.lang.ClassCastException: com.wenhua.svr.domain.base.BaseNetBar cannot be cast to com.wenhua.svr.domain.NetBar, mergedContextConfiguration = [MergedContextConfiguration@5292fb8e testClass = TestNetBarDao, locations = '{classpath:app-context.xml}', classes = '{}', contextInitializerClasses = '[]', activeProfiles = '{}', propertySourceLocations = '{}', propertySourceProperties = '{}', contextCustomizers = set[[empty]], contextLoader = 'org.springframework.test.context.support.DelegatingSmartContextLoader', parent = [null]]].
[INFO ][20170423 22:21:35,488][AbstractApplicationContext:987] Closing org.springframework.context.support.GenericApplicationContext@18329bfc: startup date [Sun Apr 23 22:21:33 CST 2017]; root of context hierarchy
[WARN ][20170423 22:21:35,490][DisposableBeanAdapter:374] Invocation of destroy method 'close' failed on bean with name 'sqlSession': java.lang.UnsupportedOperationException: Manual close is not allowed over a Spring managed SqlSession
[INFO ][20170423 22:21:35,493][DruidDataSource:1050] {dataSource-1} closed
[INFO ][20170423 22:22:35,345][AbstractTestContextBootstrapper:260] Loaded default TestExecutionListener class names from location [META-INF/spring.factories]: [org.springframework.test.context.web.ServletTestExecutionListener, org.springframework.test.context.support.DirtiesContextBeforeModesTestExecutionListener, org.springframework.test.context.support.DependencyInjectionTestExecutionListener, org.springframework.test.context.support.DirtiesContextTestExecutionListener, org.springframework.test.context.transaction.TransactionalTestExecutionListener, org.springframework.test.context.jdbc.SqlScriptsTestExecutionListener]
[INFO ][20170423 22:22:35,375][AbstractTestContextBootstrapper:209] Could not instantiate TestExecutionListener [org.springframework.test.context.web.ServletTestExecutionListener]. Specify custom listener classes or make the default listener classes (and their required dependencies) available. Offending class: [javax/servlet/ServletContext]
[INFO ][20170423 22:22:35,376][AbstractTestContextBootstrapper:187] Using TestExecutionListeners: [org.springframework.test.context.support.DirtiesContextBeforeModesTestExecutionListener@164c786e, org.springframework.test.context.support.DependencyInjectionTestExecutionListener@76768931, org.springframework.test.context.support.DirtiesContextTestExecutionListener@60292cb9, org.springframework.test.context.transaction.TransactionalTestExecutionListener@2f375701, org.springframework.test.context.jdbc.SqlScriptsTestExecutionListener@5a311ade]
[INFO ][20170423 22:22:35,473][XmlBeanDefinitionReader:317] Loading XML bean definitions from class path resource [app-context.xml]
[INFO ][20170423 22:22:35,735][AbstractApplicationContext:582] Refreshing org.springframework.context.support.GenericApplicationContext@67ac55ac: startup date [Sun Apr 23 22:22:35 CST 2017]; root of context hierarchy
[INFO ][20170423 22:22:35,947][PropertiesLoaderSupport:172] Loading properties file from URL [file:/D:/git_repository/wh/wenhua-parent/wenhua-service/target/test-classes/app-database.properties]
[ERROR][20170423 22:22:36,370][DruidDataSource:570] testWhileIdle is true, validationQuery not set
[INFO ][20170423 22:22:36,586][DruidDataSource:456] {dataSource-1} inited
[INFO ][20170423 22:22:37,132][TransactionContext:101] Began transaction (1) for test context [DefaultTestContext@87409cf testClass = TestNetBarDao, testInstance = com.wenhua.svr.dao.mybatis.TestNetBarDao@7a2ff95e, testMethod = test1@TestNetBarDao, testException = [null], mergedContextConfiguration = [MergedContextConfiguration@5139bf8d testClass = TestNetBarDao, locations = '{classpath:app-context.xml}', classes = '{}', contextInitializerClasses = '[]', activeProfiles = '{}', propertySourceLocations = '{}', propertySourceProperties = '{}', contextCustomizers = set[[empty]], contextLoader = 'org.springframework.test.context.support.DelegatingSmartContextLoader', parent = [null]]]; transaction manager [org.springframework.jdbc.datasource.DataSourceTransactionManager@639cc8fd]; rollback [false]
[INFO ][20170423 22:22:37,249][TransactionContext:136] Committed transaction for test context [DefaultTestContext@87409cf testClass = TestNetBarDao, testInstance = com.wenhua.svr.dao.mybatis.TestNetBarDao@7a2ff95e, testMethod = test1@TestNetBarDao, testException = [null], mergedContextConfiguration = [MergedContextConfiguration@5139bf8d testClass = TestNetBarDao, locations = '{classpath:app-context.xml}', classes = '{}', contextInitializerClasses = '[]', activeProfiles = '{}', propertySourceLocations = '{}', propertySourceProperties = '{}', contextCustomizers = set[[empty]], contextLoader = 'org.springframework.test.context.support.DelegatingSmartContextLoader', parent = [null]]].
[INFO ][20170423 22:22:37,253][AbstractApplicationContext:987] Closing org.springframework.context.support.GenericApplicationContext@67ac55ac: startup date [Sun Apr 23 22:22:35 CST 2017]; root of context hierarchy
[WARN ][20170423 22:22:37,255][DisposableBeanAdapter:374] Invocation of destroy method 'close' failed on bean with name 'sqlSession': java.lang.UnsupportedOperationException: Manual close is not allowed over a Spring managed SqlSession
[INFO ][20170423 22:22:37,259][DruidDataSource:1050] {dataSource-1} closed
[INFO ][20170423 22:25:32,706][AbstractTestContextBootstrapper:260] Loaded default TestExecutionListener class names from location [META-INF/spring.factories]: [org.springframework.test.context.web.ServletTestExecutionListener, org.springframework.test.context.support.DirtiesContextBeforeModesTestExecutionListener, org.springframework.test.context.support.DependencyInjectionTestExecutionListener, org.springframework.test.context.support.DirtiesContextTestExecutionListener, org.springframework.test.context.transaction.TransactionalTestExecutionListener, org.springframework.test.context.jdbc.SqlScriptsTestExecutionListener]
[INFO ][20170423 22:25:32,728][AbstractTestContextBootstrapper:209] Could not instantiate TestExecutionListener [org.springframework.test.context.web.ServletTestExecutionListener]. Specify custom listener classes or make the default listener classes (and their required dependencies) available. Offending class: [javax/servlet/ServletContext]
[INFO ][20170423 22:25:32,730][AbstractTestContextBootstrapper:187] Using TestExecutionListeners: [org.springframework.test.context.support.DirtiesContextBeforeModesTestExecutionListener@288fbf0e, org.springframework.test.context.support.DependencyInjectionTestExecutionListener@754844ef, org.springframework.test.context.support.DirtiesContextTestExecutionListener@5ba5e310, org.springframework.test.context.transaction.TransactionalTestExecutionListener@67de5e71, org.springframework.test.context.jdbc.SqlScriptsTestExecutionListener@380a81fd]
[INFO ][20170423 22:25:32,829][XmlBeanDefinitionReader:317] Loading XML bean definitions from class path resource [app-context.xml]
[INFO ][20170423 22:25:33,082][AbstractApplicationContext:582] Refreshing org.springframework.context.support.GenericApplicationContext@172036a1: startup date [Sun Apr 23 22:25:33 CST 2017]; root of context hierarchy
[INFO ][20170423 22:25:33,280][PropertiesLoaderSupport:172] Loading properties file from URL [file:/D:/git_repository/wh/wenhua-parent/wenhua-service/target/test-classes/app-database.properties]
[ERROR][20170423 22:25:33,724][DruidDataSource:570] testWhileIdle is true, validationQuery not set
[INFO ][20170423 22:25:33,966][DruidDataSource:456] {dataSource-1} inited
[INFO ][20170423 22:25:34,532][TransactionContext:101] Began transaction (1) for test context [DefaultTestContext@3d5d9ee8 testClass = TestNetBarDao, testInstance = com.wenhua.svr.dao.mybatis.TestNetBarDao@4d6bb0d1, testMethod = test2@TestNetBarDao, testException = [null], mergedContextConfiguration = [MergedContextConfiguration@ac21750 testClass = TestNetBarDao, locations = '{classpath:app-context.xml}', classes = '{}', contextInitializerClasses = '[]', activeProfiles = '{}', propertySourceLocations = '{}', propertySourceProperties = '{}', contextCustomizers = set[[empty]], contextLoader = 'org.springframework.test.context.support.DelegatingSmartContextLoader', parent = [null]]]; transaction manager [org.springframework.jdbc.datasource.DataSourceTransactionManager@5925910c]; rollback [false]
[INFO ][20170423 22:25:34,667][TransactionContext:136] Committed transaction for test context [DefaultTestContext@3d5d9ee8 testClass = TestNetBarDao, testInstance = com.wenhua.svr.dao.mybatis.TestNetBarDao@4d6bb0d1, testMethod = test2@TestNetBarDao, testException = [null], mergedContextConfiguration = [MergedContextConfiguration@ac21750 testClass = TestNetBarDao, locations = '{classpath:app-context.xml}', classes = '{}', contextInitializerClasses = '[]', activeProfiles = '{}', propertySourceLocations = '{}', propertySourceProperties = '{}', contextCustomizers = set[[empty]], contextLoader = 'org.springframework.test.context.support.DelegatingSmartContextLoader', parent = [null]]].
[INFO ][20170423 22:25:34,672][AbstractApplicationContext:987] Closing org.springframework.context.support.GenericApplicationContext@172036a1: startup date [Sun Apr 23 22:25:33 CST 2017]; root of context hierarchy
[WARN ][20170423 22:25:34,674][DisposableBeanAdapter:374] Invocation of destroy method 'close' failed on bean with name 'sqlSession': java.lang.UnsupportedOperationException: Manual close is not allowed over a Spring managed SqlSession
[INFO ][20170423 22:25:34,679][DruidDataSource:1050] {dataSource-1} closed
