[INFO ][20170417 19:33:52,981][ContextLoader:305] Root WebApplicationContext: initialization started
[INFO ][20170417 19:33:53,062][AbstractApplicationContext:582] Refreshing Root WebApplicationContext: startup date [Mon Apr 17 19:33:53 CST 2017]; root of context hierarchy
[INFO ][20170417 19:33:53,107][XmlBeanDefinitionReader:317] Loading XML bean definitions from ServletContext resource [/WEB-INF/conf/app-config.xml]
[INFO ][20170417 19:33:53,454][XmlBeanDefinitionReader:317] Loading XML bean definitions from ServletContext resource [/WEB-INF/conf/app-context.xml]
[INFO ][20170417 19:33:53,759][PropertiesLoaderSupport:172] Loading properties file from file [D:\workspace2\wenhua-parent\wenhua-web-console\target\classes\app-config.properties]
[INFO ][20170417 19:33:53,759][PropertiesLoaderSupport:172] Loading properties file from file [D:\workspace2\wenhua-parent\wenhua-web-console\target\classes\app-database.properties]
[INFO ][20170417 19:33:53,762][PropertiesLoaderSupport:172] Loading properties file from URL [file:/D:/workspace2/wenhua-parent/wenhua-web-console/target/classes/app-database.properties]
[ERROR][20170417 19:33:54,085][DruidDataSource:570] testWhileIdle is true, validationQuery not set
[INFO ][20170417 19:33:54,314][DruidDataSource:456] {dataSource-1} inited
[WARN ][20170417 19:33:54,333][AbstractApplicationContext:550] Exception encountered during context initialization - cancelling refresh attempt: org.springframework.beans.factory.BeanCreationException: Error creating bean with name 'accountService': Injection of resource dependencies failed; nested exception is org.springframework.beans.factory.UnsatisfiedDependencyException: Error creating bean with name 'accountDao' defined in file [D:\workspace2\wenhua-parent\wenhua-service\target\classes\com\wenhua\svr\dao\AccountDao.class]: Unsatisfied dependency expressed through bean property 'sqlSessionFactory'; nested exception is org.springframework.beans.factory.BeanCreationException: Error creating bean with name 'sqlSessionFactory' defined in ServletContext resource [/WEB-INF/conf/app-context.xml]: Invocation of init method failed; nested exception is java.io.FileNotFoundException: class path resource [mybatis-config.xml] cannot be opened because it does not exist
[INFO ][20170417 19:33:54,336][DruidDataSource:1050] {dataSource-1} closed
[ERROR][20170417 19:33:54,339][ContextLoader:351] Context initialization failed
org.springframework.beans.factory.BeanCreationException: Error creating bean with name 'accountService': Injection of resource dependencies failed; nested exception is org.springframework.beans.factory.UnsatisfiedDependencyException: Error creating bean with name 'accountDao' defined in file [D:\workspace2\wenhua-parent\wenhua-service\target\classes\com\wenhua\svr\dao\AccountDao.class]: Unsatisfied dependency expressed through bean property 'sqlSessionFactory'; nested exception is org.springframework.beans.factory.BeanCreationException: Error creating bean with name 'sqlSessionFactory' defined in ServletContext resource [/WEB-INF/conf/app-context.xml]: Invocation of init method failed; nested exception is java.io.FileNotFoundException: class path resource [mybatis-config.xml] cannot be opened because it does not exist
	at org.springframework.context.annotation.CommonAnnotationBeanPostProcessor.postProcessPropertyValues(CommonAnnotationBeanPostProcessor.java:321)
	at org.springframework.beans.factory.support.AbstractAutowireCapableBeanFactory.populateBean(AbstractAutowireCapableBeanFactory.java:1264)
	at org.springframework.beans.factory.support.AbstractAutowireCapableBeanFactory.doCreateBean(AbstractAutowireCapableBeanFactory.java:553)
	at org.springframework.beans.factory.support.AbstractAutowireCapableBeanFactory.createBean(AbstractAutowireCapableBeanFactory.java:483)
	at org.springframework.beans.factory.support.AbstractBeanFactory$1.getObject(AbstractBeanFactory.java:306)
	at org.springframework.beans.factory.support.DefaultSingletonBeanRegistry.getSingleton(DefaultSingletonBeanRegistry.java:230)
	at org.springframework.beans.factory.support.AbstractBeanFactory.doGetBean(AbstractBeanFactory.java:302)
	at org.springframework.beans.factory.support.AbstractBeanFactory.getBean(AbstractBeanFactory.java:197)
	at org.springframework.beans.factory.support.DefaultListableBeanFactory.preInstantiateSingletons(DefaultListableBeanFactory.java:761)
	at org.springframework.context.support.AbstractApplicationContext.finishBeanFactoryInitialization(AbstractApplicationContext.java:866)
	at org.springframework.context.support.AbstractApplicationContext.refresh(AbstractApplicationContext.java:542)
	at org.springframework.web.context.ContextLoader.configureAndRefreshWebApplicationContext(ContextLoader.java:444)
	at org.springframework.web.context.ContextLoader.initWebApplicationContext(ContextLoader.java:326)
	at org.springframework.web.context.ContextLoaderListener.contextInitialized(ContextLoaderListener.java:107)
	at org.eclipse.jetty.server.handler.ContextHandler.callContextInitialized(ContextHandler.java:782)
	at org.eclipse.jetty.servlet.ServletContextHandler.callContextInitialized(ServletContextHandler.java:424)
	at org.eclipse.jetty.server.handler.ContextHandler.startContext(ContextHandler.java:774)
	at org.eclipse.jetty.servlet.ServletContextHandler.startContext(ServletContextHandler.java:249)
	at org.eclipse.jetty.webapp.WebAppContext.startContext(WebAppContext.java:1242)
	at org.eclipse.jetty.server.handler.ContextHandler.doStart(ContextHandler.java:717)
	at org.eclipse.jetty.webapp.WebAppContext.doStart(WebAppContext.java:494)
	at org.eclipse.jetty.util.component.AbstractLifeCycle.start(AbstractLifeCycle.java:64)
	at org.eclipse.jetty.server.handler.HandlerWrapper.doStart(HandlerWrapper.java:95)
	at org.eclipse.jetty.server.Server.doStart(Server.java:282)
	at org.eclipse.jetty.util.component.AbstractLifeCycle.start(AbstractLifeCycle.java:64)
	at net.sourceforge.eclipsejetty.starter.embedded.JettyEmbeddedAdapter.start(JettyEmbeddedAdapter.java:67)
	at net.sourceforge.eclipsejetty.starter.common.AbstractJettyLauncherMain.launch(AbstractJettyLauncherMain.java:84)
	at net.sourceforge.eclipsejetty.starter.embedded.JettyEmbeddedLauncherMain.main(JettyEmbeddedLauncherMain.java:42)
Caused by: org.springframework.beans.factory.UnsatisfiedDependencyException: Error creating bean with name 'accountDao' defined in file [D:\workspace2\wenhua-parent\wenhua-service\target\classes\com\wenhua\svr\dao\AccountDao.class]: Unsatisfied dependency expressed through bean property 'sqlSessionFactory'; nested exception is org.springframework.beans.factory.BeanCreationException: Error creating bean with name 'sqlSessionFactory' defined in ServletContext resource [/WEB-INF/conf/app-context.xml]: Invocation of init method failed; nested exception is java.io.FileNotFoundException: class path resource [mybatis-config.xml] cannot be opened because it does not exist
	at org.springframework.beans.factory.support.AbstractAutowireCapableBeanFactory.autowireByType(AbstractAutowireCapableBeanFactory.java:1357)
	at org.springframework.beans.factory.support.AbstractAutowireCapableBeanFactory.populateBean(AbstractAutowireCapableBeanFactory.java:1249)
	at org.springframework.beans.factory.support.AbstractAutowireCapableBeanFactory.doCreateBean(AbstractAutowireCapableBeanFactory.java:553)
	at org.springframework.beans.factory.support.AbstractAutowireCapableBeanFactory.createBean(AbstractAutowireCapableBeanFactory.java:483)
	at org.springframework.beans.factory.support.AbstractBeanFactory$1.getObject(AbstractBeanFactory.java:306)
	at org.springframework.beans.factory.support.DefaultSingletonBeanRegistry.getSingleton(DefaultSingletonBeanRegistry.java:230)
	at org.springframework.beans.factory.support.AbstractBeanFactory.doGetBean(AbstractBeanFactory.java:302)
	at org.springframework.beans.factory.support.AbstractBeanFactory.getBean(AbstractBeanFactory.java:202)
	at org.springframework.context.annotation.CommonAnnotationBeanPostProcessor.autowireResource(CommonAnnotationBeanPostProcessor.java:522)
	at org.springframework.context.annotation.CommonAnnotationBeanPostProcessor.getResource(CommonAnnotationBeanPostProcessor.java:496)
	at org.springframework.context.annotation.CommonAnnotationBeanPostProcessor$ResourceElement.getResourceToInject(CommonAnnotationBeanPostProcessor.java:627)
	at org.springframework.beans.factory.annotation.InjectionMetadata$InjectedElement.inject(InjectionMetadata.java:178)
	at org.springframework.beans.factory.annotation.InjectionMetadata.inject(InjectionMetadata.java:88)
	at org.springframework.context.annotation.CommonAnnotationBeanPostProcessor.postProcessPropertyValues(CommonAnnotationBeanPostProcessor.java:318)
	... 27 more
Caused by: org.springframework.beans.factory.BeanCreationException: Error creating bean with name 'sqlSessionFactory' defined in ServletContext resource [/WEB-INF/conf/app-context.xml]: Invocation of init method failed; nested exception is java.io.FileNotFoundException: class path resource [mybatis-config.xml] cannot be opened because it does not exist
	at org.springframework.beans.factory.support.AbstractAutowireCapableBeanFactory.initializeBean(AbstractAutowireCapableBeanFactory.java:1628)
	at org.springframework.beans.factory.support.AbstractAutowireCapableBeanFactory.doCreateBean(AbstractAutowireCapableBeanFactory.java:555)
	at org.springframework.beans.factory.support.AbstractAutowireCapableBeanFactory.createBean(AbstractAutowireCapableBeanFactory.java:483)
	at org.springframework.beans.factory.support.AbstractBeanFactory$1.getObject(AbstractBeanFactory.java:306)
	at org.springframework.beans.factory.support.DefaultSingletonBeanRegistry.getSingleton(DefaultSingletonBeanRegistry.java:230)
	at org.springframework.beans.factory.support.AbstractBeanFactory.doGetBean(AbstractBeanFactory.java:302)
	at org.springframework.beans.factory.support.AbstractBeanFactory.getBean(AbstractBeanFactory.java:202)
	at org.springframework.beans.factory.config.DependencyDescriptor.resolveCandidate(DependencyDescriptor.java:208)
	at org.springframework.beans.factory.support.DefaultListableBeanFactory.doResolveDependency(DefaultListableBeanFactory.java:1138)
	at org.springframework.beans.factory.support.DefaultListableBeanFactory.resolveDependency(DefaultListableBeanFactory.java:1066)
	at org.springframework.beans.factory.support.AbstractAutowireCapableBeanFactory.autowireByType(AbstractAutowireCapableBeanFactory.java:1342)
	... 40 more
Caused by: java.io.FileNotFoundException: class path resource [mybatis-config.xml] cannot be opened because it does not exist
	at org.springframework.core.io.ClassPathResource.getInputStream(ClassPathResource.java:172)
	at org.mybatis.spring.SqlSessionFactoryBean.buildSqlSessionFactory(SqlSessionFactoryBean.java:358)
	at org.mybatis.spring.SqlSessionFactoryBean.afterPropertiesSet(SqlSessionFactoryBean.java:340)
	at org.springframework.beans.factory.support.AbstractAutowireCapableBeanFactory.invokeInitMethods(AbstractAutowireCapableBeanFactory.java:1687)
	at org.springframework.beans.factory.support.AbstractAutowireCapableBeanFactory.initializeBean(AbstractAutowireCapableBeanFactory.java:1624)
	... 50 more
[INFO ][20170417 19:34:51,192][ContextLoader:305] Root WebApplicationContext: initialization started
[INFO ][20170417 19:34:51,266][AbstractApplicationContext:582] Refreshing Root WebApplicationContext: startup date [Mon Apr 17 19:34:51 CST 2017]; root of context hierarchy
[INFO ][20170417 19:34:51,327][XmlBeanDefinitionReader:317] Loading XML bean definitions from ServletContext resource [/WEB-INF/conf/app-config.xml]
[INFO ][20170417 19:34:51,622][XmlBeanDefinitionReader:317] Loading XML bean definitions from ServletContext resource [/WEB-INF/conf/app-context.xml]
[INFO ][20170417 19:34:51,873][PropertiesLoaderSupport:172] Loading properties file from file [D:\workspace2\wenhua-parent\wenhua-web-console\target\classes\app-config.properties]
[INFO ][20170417 19:34:51,873][PropertiesLoaderSupport:172] Loading properties file from file [D:\workspace2\wenhua-parent\wenhua-web-console\target\classes\app-database.properties]
[INFO ][20170417 19:34:51,876][PropertiesLoaderSupport:172] Loading properties file from URL [file:/D:/workspace2/wenhua-parent/wenhua-web-console/target/classes/app-database.properties]
[ERROR][20170417 19:34:52,204][DruidDataSource:570] testWhileIdle is true, validationQuery not set
[INFO ][20170417 19:34:52,433][DruidDataSource:456] {dataSource-1} inited
[INFO ][20170417 19:34:52,790][ContextLoader:345] Root WebApplicationContext: initialization completed in 1592 ms
[INFO ][20170417 19:34:52,875][FrameworkServlet:489] FrameworkServlet 'springMVC': initialization started
[INFO ][20170417 19:34:52,877][AbstractApplicationContext:582] Refreshing WebApplicationContext for namespace 'springMVC-servlet': startup date [Mon Apr 17 19:34:52 CST 2017]; parent: Root WebApplicationContext
[INFO ][20170417 19:34:52,878][XmlBeanDefinitionReader:317] Loading XML bean definitions from ServletContext resource [/WEB-INF/conf/spring-mvc.xml]
[INFO ][20170417 19:34:53,299][PropertiesLoaderSupport:172] Loading properties file from class path resource [freemarker.properties]
[WARN ][20170417 19:34:53,412][AbstractApplicationContext:550] Exception encountered during context initialization - cancelling refresh attempt: org.springframework.beans.factory.BeanCreationException: Error creating bean with name 'org.springframework.web.servlet.mvc.method.annotation.RequestMappingHandlerMapping': Initialization of bean failed; nested exception is org.springframework.beans.factory.BeanCreationException: Error creating bean with name 'org.springframework.web.servlet.handler.MappedInterceptor#1': Cannot create inner bean 'com.zeshanec.force.web.interceptor.ResourceInterceptor#0' of type [com.zeshanec.force.web.interceptor.ResourceInterceptor] while setting constructor argument; nested exception is org.springframework.beans.factory.CannotLoadBeanClassException: Cannot find class [com.zeshanec.force.web.interceptor.ResourceInterceptor] for bean with name 'com.zeshanec.force.web.interceptor.ResourceInterceptor#0' defined in ServletContext resource [/WEB-INF/conf/spring-mvc.xml]; nested exception is java.lang.ClassNotFoundException: com.zeshanec.force.web.interceptor.ResourceInterceptor
Related cause: org.springframework.beans.factory.CannotLoadBeanClassException: Cannot find class [freemarker.template.utility.XmlEscape] for bean with name 'fmXmlEscape' defined in ServletContext resource [/WEB-INF/conf/spring-mvc.xml]; nested exception is java.lang.ClassNotFoundException: freemarker.template.utility.XmlEscape
[ERROR][20170417 19:34:53,413][FrameworkServlet:502] Context initialization failed
org.springframework.beans.factory.BeanCreationException: Error creating bean with name 'org.springframework.web.servlet.mvc.method.annotation.RequestMappingHandlerMapping': Initialization of bean failed; nested exception is org.springframework.beans.factory.BeanCreationException: Error creating bean with name 'org.springframework.web.servlet.handler.MappedInterceptor#1': Cannot create inner bean 'com.zeshanec.force.web.interceptor.ResourceInterceptor#0' of type [com.zeshanec.force.web.interceptor.ResourceInterceptor] while setting constructor argument; nested exception is org.springframework.beans.factory.CannotLoadBeanClassException: Cannot find class [com.zeshanec.force.web.interceptor.ResourceInterceptor] for bean with name 'com.zeshanec.force.web.interceptor.ResourceInterceptor#0' defined in ServletContext resource [/WEB-INF/conf/spring-mvc.xml]; nested exception is java.lang.ClassNotFoundException: com.zeshanec.force.web.interceptor.ResourceInterceptor
Related cause: org.springframework.beans.factory.CannotLoadBeanClassException: Cannot find class [freemarker.template.utility.XmlEscape] for bean with name 'fmXmlEscape' defined in ServletContext resource [/WEB-INF/conf/spring-mvc.xml]; nested exception is java.lang.ClassNotFoundException: freemarker.template.utility.XmlEscape
	at org.springframework.beans.factory.support.AbstractAutowireCapableBeanFactory.doCreateBean(AbstractAutowireCapableBeanFactory.java:564)
	at org.springframework.beans.factory.support.AbstractAutowireCapableBeanFactory.createBean(AbstractAutowireCapableBeanFactory.java:483)
	at org.springframework.beans.factory.support.AbstractBeanFactory$1.getObject(AbstractBeanFactory.java:306)
	at org.springframework.beans.factory.support.DefaultSingletonBeanRegistry.getSingleton(DefaultSingletonBeanRegistry.java:230)
	at org.springframework.beans.factory.support.AbstractBeanFactory.doGetBean(AbstractBeanFactory.java:302)
	at org.springframework.beans.factory.support.AbstractBeanFactory.getBean(AbstractBeanFactory.java:197)
	at org.springframework.beans.factory.support.DefaultListableBeanFactory.preInstantiateSingletons(DefaultListableBeanFactory.java:761)
	at org.springframework.context.support.AbstractApplicationContext.finishBeanFactoryInitialization(AbstractApplicationContext.java:866)
	at org.springframework.context.support.AbstractApplicationContext.refresh(AbstractApplicationContext.java:542)
	at org.springframework.web.servlet.FrameworkServlet.configureAndRefreshWebApplicationContext(FrameworkServlet.java:668)
	at org.springframework.web.servlet.FrameworkServlet.createWebApplicationContext(FrameworkServlet.java:634)
	at org.springframework.web.servlet.FrameworkServlet.createWebApplicationContext(FrameworkServlet.java:682)
	at org.springframework.web.servlet.FrameworkServlet.initWebApplicationContext(FrameworkServlet.java:553)
	at org.springframework.web.servlet.FrameworkServlet.initServletBean(FrameworkServlet.java:494)
	at org.springframework.web.servlet.HttpServletBean.init(HttpServletBean.java:136)
	at javax.servlet.GenericServlet.init(GenericServlet.java:244)
	at org.eclipse.jetty.servlet.ServletHolder.initServlet(ServletHolder.java:532)
	at org.eclipse.jetty.servlet.ServletHolder.doStart(ServletHolder.java:344)
	at org.eclipse.jetty.util.component.AbstractLifeCycle.start(AbstractLifeCycle.java:64)
	at org.eclipse.jetty.servlet.ServletHandler.initialize(ServletHandler.java:791)
	at org.eclipse.jetty.servlet.ServletContextHandler.startContext(ServletContextHandler.java:265)
	at org.eclipse.jetty.webapp.WebAppContext.startContext(WebAppContext.java:1242)
	at org.eclipse.jetty.server.handler.ContextHandler.doStart(ContextHandler.java:717)
	at org.eclipse.jetty.webapp.WebAppContext.doStart(WebAppContext.java:494)
	at org.eclipse.jetty.util.component.AbstractLifeCycle.start(AbstractLifeCycle.java:64)
	at org.eclipse.jetty.server.handler.HandlerWrapper.doStart(HandlerWrapper.java:95)
	at org.eclipse.jetty.server.Server.doStart(Server.java:282)
	at org.eclipse.jetty.util.component.AbstractLifeCycle.start(AbstractLifeCycle.java:64)
	at net.sourceforge.eclipsejetty.starter.embedded.JettyEmbeddedAdapter.start(JettyEmbeddedAdapter.java:67)
	at net.sourceforge.eclipsejetty.starter.common.AbstractJettyLauncherMain.launch(AbstractJettyLauncherMain.java:84)
	at net.sourceforge.eclipsejetty.starter.embedded.JettyEmbeddedLauncherMain.main(JettyEmbeddedLauncherMain.java:42)
Caused by: org.springframework.beans.factory.BeanCreationException: Error creating bean with name 'org.springframework.web.servlet.handler.MappedInterceptor#1': Cannot create inner bean 'com.zeshanec.force.web.interceptor.ResourceInterceptor#0' of type [com.zeshanec.force.web.interceptor.ResourceInterceptor] while setting constructor argument; nested exception is org.springframework.beans.factory.CannotLoadBeanClassException: Cannot find class [com.zeshanec.force.web.interceptor.ResourceInterceptor] for bean with name 'com.zeshanec.force.web.interceptor.ResourceInterceptor#0' defined in ServletContext resource [/WEB-INF/conf/spring-mvc.xml]; nested exception is java.lang.ClassNotFoundException: com.zeshanec.force.web.interceptor.ResourceInterceptor
	at org.springframework.beans.factory.support.BeanDefinitionValueResolver.resolveInnerBean(BeanDefinitionValueResolver.java:313)
	at org.springframework.beans.factory.support.BeanDefinitionValueResolver.resolveValueIfNecessary(BeanDefinitionValueResolver.java:122)
	at org.springframework.beans.factory.support.ConstructorResolver.resolveConstructorArguments(ConstructorResolver.java:634)
	at org.springframework.beans.factory.support.ConstructorResolver.autowireConstructor(ConstructorResolver.java:145)
	at org.springframework.beans.factory.support.AbstractAutowireCapableBeanFactory.autowireConstructor(AbstractAutowireCapableBeanFactory.java:1193)
	at org.springframework.beans.factory.support.AbstractAutowireCapableBeanFactory.createBeanInstance(AbstractAutowireCapableBeanFactory.java:1095)
	at org.springframework.beans.factory.support.AbstractAutowireCapableBeanFactory.doCreateBean(AbstractAutowireCapableBeanFactory.java:513)
	at org.springframework.beans.factory.support.AbstractAutowireCapableBeanFactory.createBean(AbstractAutowireCapableBeanFactory.java:483)
	at org.springframework.beans.factory.support.AbstractBeanFactory$1.getObject(AbstractBeanFactory.java:306)
	at org.springframework.beans.factory.support.DefaultSingletonBeanRegistry.getSingleton(DefaultSingletonBeanRegistry.java:230)
	at org.springframework.beans.factory.support.AbstractBeanFactory.doGetBean(AbstractBeanFactory.java:302)
	at org.springframework.beans.factory.support.AbstractBeanFactory.getBean(AbstractBeanFactory.java:202)
	at org.springframework.beans.factory.support.DefaultListableBeanFactory.getBeansOfType(DefaultListableBeanFactory.java:519)
	at org.springframework.context.support.AbstractApplicationContext.getBeansOfType(AbstractApplicationContext.java:1197)
	at org.springframework.beans.factory.BeanFactoryUtils.beansOfTypeIncludingAncestors(BeanFactoryUtils.java:310)
	at org.springframework.web.servlet.handler.AbstractHandlerMapping.detectMappedInterceptors(AbstractHandlerMapping.java:272)
	at org.springframework.web.servlet.handler.AbstractHandlerMapping.initApplicationContext(AbstractHandlerMapping.java:247)
	at org.springframework.context.support.ApplicationObjectSupport.initApplicationContext(ApplicationObjectSupport.java:120)
	at org.springframework.web.context.support.WebApplicationObjectSupport.initApplicationContext(WebApplicationObjectSupport.java:76)
	at org.springframework.context.support.ApplicationObjectSupport.setApplicationContext(ApplicationObjectSupport.java:74)
	at org.springframework.context.support.ApplicationContextAwareProcessor.invokeAwareInterfaces(ApplicationContextAwareProcessor.java:121)
	at org.springframework.context.support.ApplicationContextAwareProcessor.postProcessBeforeInitialization(ApplicationContextAwareProcessor.java:97)
	at org.springframework.beans.factory.support.AbstractAutowireCapableBeanFactory.applyBeanPostProcessorsBeforeInitialization(AbstractAutowireCapableBeanFactory.java:409)
	at org.springframework.beans.factory.support.AbstractAutowireCapableBeanFactory.initializeBean(AbstractAutowireCapableBeanFactory.java:1620)
	at org.springframework.beans.factory.support.AbstractAutowireCapableBeanFactory.doCreateBean(AbstractAutowireCapableBeanFactory.java:555)
	... 30 more
Caused by: org.springframework.beans.factory.CannotLoadBeanClassException: Cannot find class [com.zeshanec.force.web.interceptor.ResourceInterceptor] for bean with name 'com.zeshanec.force.web.interceptor.ResourceInterceptor#0' defined in ServletContext resource [/WEB-INF/conf/spring-mvc.xml]; nested exception is java.lang.ClassNotFoundException: com.zeshanec.force.web.interceptor.ResourceInterceptor
	at org.springframework.beans.factory.support.AbstractBeanFactory.resolveBeanClass(AbstractBeanFactory.java:1385)
	at org.springframework.beans.factory.support.AbstractAutowireCapableBeanFactory.createBean(AbstractAutowireCapableBeanFactory.java:456)
	at org.springframework.beans.factory.support.BeanDefinitionValueResolver.resolveInnerBean(BeanDefinitionValueResolver.java:299)
	... 54 more
Caused by: java.lang.ClassNotFoundException: com.zeshanec.force.web.interceptor.ResourceInterceptor
	at java.net.URLClassLoader$1.run(URLClassLoader.java:366)
	at java.net.URLClassLoader$1.run(URLClassLoader.java:355)
	at java.security.AccessController.doPrivileged(Native Method)
	at java.net.URLClassLoader.findClass(URLClassLoader.java:354)
	at java.lang.ClassLoader.loadClass(ClassLoader.java:425)
	at sun.misc.Launcher$AppClassLoader.loadClass(Launcher.java:308)
	at java.lang.ClassLoader.loadClass(ClassLoader.java:358)
	at org.eclipse.jetty.webapp.WebAppClassLoader.loadClass(WebAppClassLoader.java:430)
	at org.eclipse.jetty.webapp.WebAppClassLoader.loadClass(WebAppClassLoader.java:383)
	at org.springframework.util.ClassUtils.forName(ClassUtils.java:250)
	at org.springframework.beans.factory.support.AbstractBeanDefinition.resolveBeanClass(AbstractBeanDefinition.java:401)
	at org.springframework.beans.factory.support.AbstractBeanFactory.doResolveBeanClass(AbstractBeanFactory.java:1432)
	at org.springframework.beans.factory.support.AbstractBeanFactory.resolveBeanClass(AbstractBeanFactory.java:1377)
	... 56 more
Related cause:
org.springframework.beans.factory.CannotLoadBeanClassException: Cannot find class [freemarker.template.utility.XmlEscape] for bean with name 'fmXmlEscape' defined in ServletContext resource [/WEB-INF/conf/spring-mvc.xml]; nested exception is java.lang.ClassNotFoundException: freemarker.template.utility.XmlEscape
	at org.springframework.beans.factory.support.AbstractBeanFactory.resolveBeanClass(AbstractBeanFactory.java:1385)
	at org.springframework.beans.factory.support.AbstractAutowireCapableBeanFactory.determineTargetType(AbstractAutowireCapableBeanFactory.java:641)
	at org.springframework.beans.factory.support.AbstractAutowireCapableBeanFactory.predictBeanType(AbstractAutowireCapableBeanFactory.java:609)
	at org.springframework.beans.factory.support.AbstractBeanFactory.isFactoryBean(AbstractBeanFactory.java:1484)
	at org.springframework.beans.factory.support.DefaultListableBeanFactory.doGetBeanNamesForType(DefaultListableBeanFactory.java:425)
	at org.springframework.beans.factory.support.DefaultListableBeanFactory.getBeanNamesForType(DefaultListableBeanFactory.java:395)
	at org.springframework.beans.factory.support.DefaultListableBeanFactory.getBeansOfType(DefaultListableBeanFactory.java:515)
	at org.springframework.context.support.AbstractApplicationContext.getBeansOfType(AbstractApplicationContext.java:1197)
	at org.springframework.beans.factory.BeanFactoryUtils.beansOfTypeIncludingAncestors(BeanFactoryUtils.java:310)
	at org.springframework.web.servlet.handler.AbstractHandlerMapping.detectMappedInterceptors(AbstractHandlerMapping.java:272)
	at org.springframework.web.servlet.handler.AbstractHandlerMapping.initApplicationContext(AbstractHandlerMapping.java:247)
	at org.springframework.context.support.ApplicationObjectSupport.initApplicationContext(ApplicationObjectSupport.java:120)
	at org.springframework.web.context.support.WebApplicationObjectSupport.initApplicationContext(WebApplicationObjectSupport.java:76)
	at org.springframework.context.support.ApplicationObjectSupport.setApplicationContext(ApplicationObjectSupport.java:74)
	at org.springframework.context.support.ApplicationContextAwareProcessor.invokeAwareInterfaces(ApplicationContextAwareProcessor.java:121)
	at org.springframework.context.support.ApplicationContextAwareProcessor.postProcessBeforeInitialization(ApplicationContextAwareProcessor.java:97)
	at org.springframework.beans.factory.support.AbstractAutowireCapableBeanFactory.applyBeanPostProcessorsBeforeInitialization(AbstractAutowireCapableBeanFactory.java:409)
	at org.springframework.beans.factory.support.AbstractAutowireCapableBeanFactory.initializeBean(AbstractAutowireCapableBeanFactory.java:1620)
	at org.springframework.beans.factory.support.AbstractAutowireCapableBeanFactory.doCreateBean(AbstractAutowireCapableBeanFactory.java:555)
	at org.springframework.beans.factory.support.AbstractAutowireCapableBeanFactory.createBean(AbstractAutowireCapableBeanFactory.java:483)
	at org.springframework.beans.factory.support.AbstractBeanFactory$1.getObject(AbstractBeanFactory.java:306)
	at org.springframework.beans.factory.support.DefaultSingletonBeanRegistry.getSingleton(DefaultSingletonBeanRegistry.java:230)
	at org.springframework.beans.factory.support.AbstractBeanFactory.doGetBean(AbstractBeanFactory.java:302)
	at org.springframework.beans.factory.support.AbstractBeanFactory.getBean(AbstractBeanFactory.java:197)
	at org.springframework.beans.factory.support.DefaultListableBeanFactory.preInstantiateSingletons(DefaultListableBeanFactory.java:761)
	at org.springframework.context.support.AbstractApplicationContext.finishBeanFactoryInitialization(AbstractApplicationContext.java:866)
	at org.springframework.context.support.AbstractApplicationContext.refresh(AbstractApplicationContext.java:542)
	at org.springframework.web.servlet.FrameworkServlet.configureAndRefreshWebApplicationContext(FrameworkServlet.java:668)
	at org.springframework.web.servlet.FrameworkServlet.createWebApplicationContext(FrameworkServlet.java:634)
	at org.springframework.web.servlet.FrameworkServlet.createWebApplicationContext(FrameworkServlet.java:682)
	at org.springframework.web.servlet.FrameworkServlet.initWebApplicationContext(FrameworkServlet.java:553)
	at org.springframework.web.servlet.FrameworkServlet.initServletBean(FrameworkServlet.java:494)
	at org.springframework.web.servlet.HttpServletBean.init(HttpServletBean.java:136)
	at javax.servlet.GenericServlet.init(GenericServlet.java:244)
	at org.eclipse.jetty.servlet.ServletHolder.initServlet(ServletHolder.java:532)
	at org.eclipse.jetty.servlet.ServletHolder.doStart(ServletHolder.java:344)
	at org.eclipse.jetty.util.component.AbstractLifeCycle.start(AbstractLifeCycle.java:64)
	at org.eclipse.jetty.servlet.ServletHandler.initialize(ServletHandler.java:791)
	at org.eclipse.jetty.servlet.ServletContextHandler.startContext(ServletContextHandler.java:265)
	at org.eclipse.jetty.webapp.WebAppContext.startContext(WebAppContext.java:1242)
	at org.eclipse.jetty.server.handler.ContextHandler.doStart(ContextHandler.java:717)
	at org.eclipse.jetty.webapp.WebAppContext.doStart(WebAppContext.java:494)
	at org.eclipse.jetty.util.component.AbstractLifeCycle.start(AbstractLifeCycle.java:64)
	at org.eclipse.jetty.server.handler.HandlerWrapper.doStart(HandlerWrapper.java:95)
	at org.eclipse.jetty.server.Server.doStart(Server.java:282)
	at org.eclipse.jetty.util.component.AbstractLifeCycle.start(AbstractLifeCycle.java:64)
	at net.sourceforge.eclipsejetty.starter.embedded.JettyEmbeddedAdapter.start(JettyEmbeddedAdapter.java:67)
	at net.sourceforge.eclipsejetty.starter.common.AbstractJettyLauncherMain.launch(AbstractJettyLauncherMain.java:84)
	at net.sourceforge.eclipsejetty.starter.embedded.JettyEmbeddedLauncherMain.main(JettyEmbeddedLauncherMain.java:42)
Caused by: java.lang.ClassNotFoundException: freemarker.template.utility.XmlEscape
	at java.net.URLClassLoader$1.run(URLClassLoader.java:366)
	at java.net.URLClassLoader$1.run(URLClassLoader.java:355)
	at java.security.AccessController.doPrivileged(Native Method)
	at java.net.URLClassLoader.findClass(URLClassLoader.java:354)
	at java.lang.ClassLoader.loadClass(ClassLoader.java:425)
	at sun.misc.Launcher$AppClassLoader.loadClass(Launcher.java:308)
	at java.lang.ClassLoader.loadClass(ClassLoader.java:358)
	at org.eclipse.jetty.webapp.WebAppClassLoader.loadClass(WebAppClassLoader.java:430)
	at org.eclipse.jetty.webapp.WebAppClassLoader.loadClass(WebAppClassLoader.java:383)
	at org.springframework.util.ClassUtils.forName(ClassUtils.java:250)
	at org.springframework.beans.factory.support.AbstractBeanDefinition.resolveBeanClass(AbstractBeanDefinition.java:401)
	at org.springframework.beans.factory.support.AbstractBeanFactory.doResolveBeanClass(AbstractBeanFactory.java:1432)
	at org.springframework.beans.factory.support.AbstractBeanFactory.resolveBeanClass(AbstractBeanFactory.java:1377)
	... 48 more
[INFO ][20170417 19:44:44,854][ContextLoader:305] Root WebApplicationContext: initialization started
[INFO ][20170417 19:44:44,954][AbstractApplicationContext:582] Refreshing Root WebApplicationContext: startup date [Mon Apr 17 19:44:44 CST 2017]; root of context hierarchy
[INFO ][20170417 19:44:45,039][XmlBeanDefinitionReader:317] Loading XML bean definitions from ServletContext resource [/WEB-INF/conf/app-config.xml]
[INFO ][20170417 19:44:45,358][XmlBeanDefinitionReader:317] Loading XML bean definitions from ServletContext resource [/WEB-INF/conf/app-context.xml]
[INFO ][20170417 19:44:45,755][PropertiesLoaderSupport:172] Loading properties file from file [D:\workspace2\wenhua-parent\wenhua-web-console\target\classes\app-config.properties]
[INFO ][20170417 19:44:45,756][PropertiesLoaderSupport:172] Loading properties file from file [D:\workspace2\wenhua-parent\wenhua-web-console\target\classes\app-database.properties]
[INFO ][20170417 19:44:45,761][PropertiesLoaderSupport:172] Loading properties file from URL [file:/D:/workspace2/wenhua-parent/wenhua-web-console/target/classes/app-database.properties]
[ERROR][20170417 19:44:46,097][DruidDataSource:570] testWhileIdle is true, validationQuery not set
[INFO ][20170417 19:44:46,343][DruidDataSource:456] {dataSource-1} inited
[INFO ][20170417 19:44:46,752][ContextLoader:345] Root WebApplicationContext: initialization completed in 1893 ms
[INFO ][20170417 19:44:46,834][FrameworkServlet:489] FrameworkServlet 'springMVC': initialization started
[INFO ][20170417 19:44:46,836][AbstractApplicationContext:582] Refreshing WebApplicationContext for namespace 'springMVC-servlet': startup date [Mon Apr 17 19:44:46 CST 2017]; parent: Root WebApplicationContext
[INFO ][20170417 19:44:46,837][XmlBeanDefinitionReader:317] Loading XML bean definitions from ServletContext resource [/WEB-INF/conf/spring-mvc.xml]
[INFO ][20170417 19:44:47,213][PropertiesLoaderSupport:172] Loading properties file from class path resource [freemarker.properties]
[INFO ][20170417 19:44:47,556][RequestMappingHandlerAdapter:534] Looking for @ControllerAdvice: WebApplicationContext for namespace 'springMVC-servlet': startup date [Mon Apr 17 19:44:46 CST 2017]; parent: Root WebApplicationContext
[INFO ][20170417 19:44:47,617][RequestMappingHandlerAdapter:534] Looking for @ControllerAdvice: WebApplicationContext for namespace 'springMVC-servlet': startup date [Mon Apr 17 19:44:46 CST 2017]; parent: Root WebApplicationContext
[INFO ][20170417 19:44:47,709][RequestMappingHandlerAdapter:534] Looking for @ControllerAdvice: WebApplicationContext for namespace 'springMVC-servlet': startup date [Mon Apr 17 19:44:46 CST 2017]; parent: Root WebApplicationContext
[INFO ][20170417 19:44:47,751][AbstractUrlHandlerMapping:354] Mapped URL path [/scripts/**] onto handler 'org.springframework.web.servlet.resource.ResourceHttpRequestHandler#0'
[INFO ][20170417 19:44:47,756][AbstractUrlHandlerMapping:354] Mapped URL path [/images/**] onto handler 'org.springframework.web.servlet.resource.ResourceHttpRequestHandler#1'
[INFO ][20170417 19:44:47,760][AbstractUrlHandlerMapping:354] Mapped URL path [/styles/**] onto handler 'org.springframework.web.servlet.resource.ResourceHttpRequestHandler#2'
[INFO ][20170417 19:44:47,873][FreeMarkerConfigurer:127] ClassTemplateLoader for Spring macros added to FreeMarker configuration
[WARN ][20170417 19:44:47,875][AbstractApplicationContext:550] Exception encountered during context initialization - cancelling refresh attempt: org.springframework.beans.factory.BeanCreationException: Error creating bean with name 'multipartResolver': Failed to introspect bean class [org.springframework.web.multipart.commons.CommonsMultipartResolver] for lookup method metadata: could not find class that it depends on; nested exception is java.lang.NoClassDefFoundError: org/apache/commons/fileupload/FileItemFactory
[ERROR][20170417 19:44:47,876][FrameworkServlet:502] Context initialization failed
org.springframework.beans.factory.BeanCreationException: Error creating bean with name 'multipartResolver': Failed to introspect bean class [org.springframework.web.multipart.commons.CommonsMultipartResolver] for lookup method metadata: could not find class that it depends on; nested exception is java.lang.NoClassDefFoundError: org/apache/commons/fileupload/FileItemFactory
	at org.springframework.beans.factory.annotation.AutowiredAnnotationBeanPostProcessor.determineCandidateConstructors(AutowiredAnnotationBeanPostProcessor.java:269)
	at org.springframework.beans.factory.support.AbstractAutowireCapableBeanFactory.determineConstructorsFromBeanPostProcessors(AbstractAutowireCapableBeanFactory.java:1118)
	at org.springframework.beans.factory.support.AbstractAutowireCapableBeanFactory.createBeanInstance(AbstractAutowireCapableBeanFactory.java:1091)
	at org.springframework.beans.factory.support.AbstractAutowireCapableBeanFactory.doCreateBean(AbstractAutowireCapableBeanFactory.java:513)
	at org.springframework.beans.factory.support.AbstractAutowireCapableBeanFactory.createBean(AbstractAutowireCapableBeanFactory.java:483)
	at org.springframework.beans.factory.support.AbstractBeanFactory$1.getObject(AbstractBeanFactory.java:306)
	at org.springframework.beans.factory.support.DefaultSingletonBeanRegistry.getSingleton(DefaultSingletonBeanRegistry.java:230)
	at org.springframework.beans.factory.support.AbstractBeanFactory.doGetBean(AbstractBeanFactory.java:302)
	at org.springframework.beans.factory.support.AbstractBeanFactory.getBean(AbstractBeanFactory.java:197)
	at org.springframework.beans.factory.support.DefaultListableBeanFactory.preInstantiateSingletons(DefaultListableBeanFactory.java:761)
	at org.springframework.context.support.AbstractApplicationContext.finishBeanFactoryInitialization(AbstractApplicationContext.java:866)
	at org.springframework.context.support.AbstractApplicationContext.refresh(AbstractApplicationContext.java:542)
	at org.springframework.web.servlet.FrameworkServlet.configureAndRefreshWebApplicationContext(FrameworkServlet.java:668)
	at org.springframework.web.servlet.FrameworkServlet.createWebApplicationContext(FrameworkServlet.java:634)
	at org.springframework.web.servlet.FrameworkServlet.createWebApplicationContext(FrameworkServlet.java:682)
	at org.springframework.web.servlet.FrameworkServlet.initWebApplicationContext(FrameworkServlet.java:553)
	at org.springframework.web.servlet.FrameworkServlet.initServletBean(FrameworkServlet.java:494)
	at org.springframework.web.servlet.HttpServletBean.init(HttpServletBean.java:136)
	at javax.servlet.GenericServlet.init(GenericServlet.java:244)
	at org.eclipse.jetty.servlet.ServletHolder.initServlet(ServletHolder.java:532)
	at org.eclipse.jetty.servlet.ServletHolder.doStart(ServletHolder.java:344)
	at org.eclipse.jetty.util.component.AbstractLifeCycle.start(AbstractLifeCycle.java:64)
	at org.eclipse.jetty.servlet.ServletHandler.initialize(ServletHandler.java:791)
	at org.eclipse.jetty.servlet.ServletContextHandler.startContext(ServletContextHandler.java:265)
	at org.eclipse.jetty.webapp.WebAppContext.startContext(WebAppContext.java:1242)
	at org.eclipse.jetty.server.handler.ContextHandler.doStart(ContextHandler.java:717)
	at org.eclipse.jetty.webapp.WebAppContext.doStart(WebAppContext.java:494)
	at org.eclipse.jetty.util.component.AbstractLifeCycle.start(AbstractLifeCycle.java:64)
	at org.eclipse.jetty.server.handler.HandlerWrapper.doStart(HandlerWrapper.java:95)
	at org.eclipse.jetty.server.Server.doStart(Server.java:282)
	at org.eclipse.jetty.util.component.AbstractLifeCycle.start(AbstractLifeCycle.java:64)
	at net.sourceforge.eclipsejetty.starter.embedded.JettyEmbeddedAdapter.start(JettyEmbeddedAdapter.java:67)
	at net.sourceforge.eclipsejetty.starter.common.AbstractJettyLauncherMain.launch(AbstractJettyLauncherMain.java:84)
	at net.sourceforge.eclipsejetty.starter.embedded.JettyEmbeddedLauncherMain.main(JettyEmbeddedLauncherMain.java:42)
Caused by: java.lang.NoClassDefFoundError: org/apache/commons/fileupload/FileItemFactory
	at java.lang.Class.getDeclaredMethods0(Native Method)
	at java.lang.Class.privateGetDeclaredMethods(Class.java:2625)
	at java.lang.Class.getDeclaredMethods(Class.java:1868)
	at org.springframework.util.ReflectionUtils.getDeclaredMethods(ReflectionUtils.java:613)
	at org.springframework.util.ReflectionUtils.doWithMethods(ReflectionUtils.java:524)
	at org.springframework.util.ReflectionUtils.doWithMethods(ReflectionUtils.java:510)
	at org.springframework.beans.factory.annotation.AutowiredAnnotationBeanPostProcessor.determineCandidateConstructors(AutowiredAnnotationBeanPostProcessor.java:247)
	... 33 more
Caused by: java.lang.ClassNotFoundException: org.apache.commons.fileupload.FileItemFactory
	at java.net.URLClassLoader$1.run(URLClassLoader.java:366)
	at java.net.URLClassLoader$1.run(URLClassLoader.java:355)
	at java.security.AccessController.doPrivileged(Native Method)
	at java.net.URLClassLoader.findClass(URLClassLoader.java:354)
	at java.lang.ClassLoader.loadClass(ClassLoader.java:425)
	at sun.misc.Launcher$AppClassLoader.loadClass(Launcher.java:308)
	at java.lang.ClassLoader.loadClass(ClassLoader.java:358)
	at org.eclipse.jetty.webapp.WebAppClassLoader.loadClass(WebAppClassLoader.java:430)
	at org.eclipse.jetty.webapp.WebAppClassLoader.loadClass(WebAppClassLoader.java:383)
	... 40 more
[INFO ][20170417 19:46:48,020][ContextLoader:305] Root WebApplicationContext: initialization started
[INFO ][20170417 19:46:48,092][AbstractApplicationContext:582] Refreshing Root WebApplicationContext: startup date [Mon Apr 17 19:46:48 CST 2017]; root of context hierarchy
[INFO ][20170417 19:46:48,148][XmlBeanDefinitionReader:317] Loading XML bean definitions from ServletContext resource [/WEB-INF/conf/app-config.xml]
[INFO ][20170417 19:46:48,415][XmlBeanDefinitionReader:317] Loading XML bean definitions from ServletContext resource [/WEB-INF/conf/app-context.xml]
[INFO ][20170417 19:46:48,682][PropertiesLoaderSupport:172] Loading properties file from file [D:\workspace2\wenhua-parent\wenhua-web-console\target\classes\app-config.properties]
[INFO ][20170417 19:46:48,682][PropertiesLoaderSupport:172] Loading properties file from file [D:\workspace2\wenhua-parent\wenhua-web-console\target\classes\app-database.properties]
[INFO ][20170417 19:46:48,686][PropertiesLoaderSupport:172] Loading properties file from URL [file:/D:/workspace2/wenhua-parent/wenhua-web-console/target/classes/app-database.properties]
[ERROR][20170417 19:46:48,987][DruidDataSource:570] testWhileIdle is true, validationQuery not set
[INFO ][20170417 19:46:49,246][DruidDataSource:456] {dataSource-1} inited
[INFO ][20170417 19:46:49,635][ContextLoader:345] Root WebApplicationContext: initialization completed in 1612 ms
[INFO ][20170417 19:46:49,720][FrameworkServlet:489] FrameworkServlet 'springMVC': initialization started
[INFO ][20170417 19:46:49,722][AbstractApplicationContext:582] Refreshing WebApplicationContext for namespace 'springMVC-servlet': startup date [Mon Apr 17 19:46:49 CST 2017]; parent: Root WebApplicationContext
[INFO ][20170417 19:46:49,723][XmlBeanDefinitionReader:317] Loading XML bean definitions from ServletContext resource [/WEB-INF/conf/spring-mvc.xml]
[INFO ][20170417 19:46:50,087][PropertiesLoaderSupport:172] Loading properties file from class path resource [freemarker.properties]
[INFO ][20170417 19:46:50,389][RequestMappingHandlerAdapter:534] Looking for @ControllerAdvice: WebApplicationContext for namespace 'springMVC-servlet': startup date [Mon Apr 17 19:46:49 CST 2017]; parent: Root WebApplicationContext
[INFO ][20170417 19:46:50,446][RequestMappingHandlerAdapter:534] Looking for @ControllerAdvice: WebApplicationContext for namespace 'springMVC-servlet': startup date [Mon Apr 17 19:46:49 CST 2017]; parent: Root WebApplicationContext
[INFO ][20170417 19:46:50,529][RequestMappingHandlerAdapter:534] Looking for @ControllerAdvice: WebApplicationContext for namespace 'springMVC-servlet': startup date [Mon Apr 17 19:46:49 CST 2017]; parent: Root WebApplicationContext
[INFO ][20170417 19:46:50,577][AbstractUrlHandlerMapping:354] Mapped URL path [/scripts/**] onto handler 'org.springframework.web.servlet.resource.ResourceHttpRequestHandler#0'
[INFO ][20170417 19:46:50,581][AbstractUrlHandlerMapping:354] Mapped URL path [/images/**] onto handler 'org.springframework.web.servlet.resource.ResourceHttpRequestHandler#1'
[INFO ][20170417 19:46:50,585][AbstractUrlHandlerMapping:354] Mapped URL path [/styles/**] onto handler 'org.springframework.web.servlet.resource.ResourceHttpRequestHandler#2'
[INFO ][20170417 19:46:50,729][FreeMarkerConfigurer:127] ClassTemplateLoader for Spring macros added to FreeMarker configuration
[INFO ][20170417 19:46:50,850][FrameworkServlet:508] FrameworkServlet 'springMVC': initialization completed in 1130 ms
[INFO ][20170417 19:47:02,701][ContextLoader:305] Root WebApplicationContext: initialization started
[INFO ][20170417 19:47:02,800][AbstractApplicationContext:582] Refreshing Root WebApplicationContext: startup date [Mon Apr 17 19:47:02 CST 2017]; root of context hierarchy
[INFO ][20170417 19:47:02,865][XmlBeanDefinitionReader:317] Loading XML bean definitions from ServletContext resource [/WEB-INF/conf/app-config.xml]
[INFO ][20170417 19:47:03,148][XmlBeanDefinitionReader:317] Loading XML bean definitions from ServletContext resource [/WEB-INF/conf/app-context.xml]
[INFO ][20170417 19:47:03,440][PropertiesLoaderSupport:172] Loading properties file from file [D:\workspace2\wenhua-parent\wenhua-web-console\target\classes\app-config.properties]
[INFO ][20170417 19:47:03,440][PropertiesLoaderSupport:172] Loading properties file from file [D:\workspace2\wenhua-parent\wenhua-web-console\target\classes\app-database.properties]
[INFO ][20170417 19:47:03,443][PropertiesLoaderSupport:172] Loading properties file from URL [file:/D:/workspace2/wenhua-parent/wenhua-web-console/target/classes/app-database.properties]
[ERROR][20170417 19:47:03,750][DruidDataSource:570] testWhileIdle is true, validationQuery not set
[INFO ][20170417 19:47:03,964][DruidDataSource:456] {dataSource-1} inited
[INFO ][20170417 19:47:04,362][ContextLoader:345] Root WebApplicationContext: initialization completed in 1656 ms
[INFO ][20170417 19:47:04,474][FrameworkServlet:489] FrameworkServlet 'springMVC': initialization started
[INFO ][20170417 19:47:04,477][AbstractApplicationContext:582] Refreshing WebApplicationContext for namespace 'springMVC-servlet': startup date [Mon Apr 17 19:47:04 CST 2017]; parent: Root WebApplicationContext
[INFO ][20170417 19:47:04,477][XmlBeanDefinitionReader:317] Loading XML bean definitions from ServletContext resource [/WEB-INF/conf/spring-mvc.xml]
[INFO ][20170417 19:47:04,831][PropertiesLoaderSupport:172] Loading properties file from class path resource [freemarker.properties]
[INFO ][20170417 19:47:05,112][RequestMappingHandlerAdapter:534] Looking for @ControllerAdvice: WebApplicationContext for namespace 'springMVC-servlet': startup date [Mon Apr 17 19:47:04 CST 2017]; parent: Root WebApplicationContext
[INFO ][20170417 19:47:05,162][RequestMappingHandlerAdapter:534] Looking for @ControllerAdvice: WebApplicationContext for namespace 'springMVC-servlet': startup date [Mon Apr 17 19:47:04 CST 2017]; parent: Root WebApplicationContext
[INFO ][20170417 19:47:05,235][RequestMappingHandlerAdapter:534] Looking for @ControllerAdvice: WebApplicationContext for namespace 'springMVC-servlet': startup date [Mon Apr 17 19:47:04 CST 2017]; parent: Root WebApplicationContext
[INFO ][20170417 19:47:05,273][AbstractUrlHandlerMapping:354] Mapped URL path [/scripts/**] onto handler 'org.springframework.web.servlet.resource.ResourceHttpRequestHandler#0'
[INFO ][20170417 19:47:05,277][AbstractUrlHandlerMapping:354] Mapped URL path [/images/**] onto handler 'org.springframework.web.servlet.resource.ResourceHttpRequestHandler#1'
[INFO ][20170417 19:47:05,281][AbstractUrlHandlerMapping:354] Mapped URL path [/styles/**] onto handler 'org.springframework.web.servlet.resource.ResourceHttpRequestHandler#2'
[INFO ][20170417 19:47:05,396][FreeMarkerConfigurer:127] ClassTemplateLoader for Spring macros added to FreeMarker configuration
[INFO ][20170417 19:47:05,544][FrameworkServlet:508] FrameworkServlet 'springMVC': initialization completed in 1070 ms
[INFO ][20170417 19:49:48,824][ContextLoader:305] Root WebApplicationContext: initialization started
[INFO ][20170417 19:49:48,908][AbstractApplicationContext:582] Refreshing Root WebApplicationContext: startup date [Mon Apr 17 19:49:48 CST 2017]; root of context hierarchy
[INFO ][20170417 19:49:48,963][XmlBeanDefinitionReader:317] Loading XML bean definitions from ServletContext resource [/WEB-INF/conf/app-config.xml]
[INFO ][20170417 19:49:49,211][XmlBeanDefinitionReader:317] Loading XML bean definitions from ServletContext resource [/WEB-INF/conf/app-context.xml]
[INFO ][20170417 19:49:49,484][PropertiesLoaderSupport:172] Loading properties file from file [D:\workspace2\wenhua-parent\wenhua-web-console\target\classes\app-config.properties]
[INFO ][20170417 19:49:49,485][PropertiesLoaderSupport:172] Loading properties file from file [D:\workspace2\wenhua-parent\wenhua-web-console\target\classes\app-database.properties]
[INFO ][20170417 19:49:49,488][PropertiesLoaderSupport:172] Loading properties file from URL [file:/D:/workspace2/wenhua-parent/wenhua-web-console/target/classes/app-database.properties]
[ERROR][20170417 19:49:49,816][DruidDataSource:570] testWhileIdle is true, validationQuery not set
[INFO ][20170417 19:49:50,132][DruidDataSource:456] {dataSource-1} inited
[INFO ][20170417 19:49:50,439][ContextLoader:345] Root WebApplicationContext: initialization completed in 1612 ms
[INFO ][20170417 19:49:50,525][FrameworkServlet:489] FrameworkServlet 'springMVC': initialization started
[INFO ][20170417 19:49:50,528][AbstractApplicationContext:582] Refreshing WebApplicationContext for namespace 'springMVC-servlet': startup date [Mon Apr 17 19:49:50 CST 2017]; parent: Root WebApplicationContext
[INFO ][20170417 19:49:50,528][XmlBeanDefinitionReader:317] Loading XML bean definitions from ServletContext resource [/WEB-INF/conf/spring-mvc.xml]
[INFO ][20170417 19:49:50,922][PropertiesLoaderSupport:172] Loading properties file from class path resource [freemarker.properties]
[INFO ][20170417 19:49:51,073][AbstractHandlerMethodMapping$MappingRegistry:543] Mapped "{[ || / || /index],methods=[GET]}" onto public org.springframework.web.servlet.ModelAndView com.wenhua.web.controller.HomeController.index(javax.servlet.http.HttpServletRequest,org.springframework.ui.ModelMap)
[INFO ][20170417 19:49:51,075][AbstractHandlerMethodMapping$MappingRegistry:543] Mapped "{[/404]}" onto public org.springframework.web.servlet.ModelAndView com.wenhua.web.controller.HomeController.pageNotFound(org.springframework.ui.ModelMap)
[INFO ][20170417 19:49:51,078][AbstractHandlerMethodMapping$MappingRegistry:543] Mapped "{[/403]}" onto public org.springframework.web.servlet.ModelAndView com.wenhua.web.controller.HomeController.noPermission(org.springframework.ui.ModelMap)
[INFO ][20170417 19:49:51,312][RequestMappingHandlerAdapter:534] Looking for @ControllerAdvice: WebApplicationContext for namespace 'springMVC-servlet': startup date [Mon Apr 17 19:49:50 CST 2017]; parent: Root WebApplicationContext
[INFO ][20170417 19:49:51,376][RequestMappingHandlerAdapter:534] Looking for @ControllerAdvice: WebApplicationContext for namespace 'springMVC-servlet': startup date [Mon Apr 17 19:49:50 CST 2017]; parent: Root WebApplicationContext
[INFO ][20170417 19:49:51,469][RequestMappingHandlerAdapter:534] Looking for @ControllerAdvice: WebApplicationContext for namespace 'springMVC-servlet': startup date [Mon Apr 17 19:49:50 CST 2017]; parent: Root WebApplicationContext
[INFO ][20170417 19:49:51,476][AbstractHandlerMethodMapping$MappingRegistry:543] Mapped "{[ || / || /index],methods=[GET]}" onto public org.springframework.web.servlet.ModelAndView com.wenhua.web.controller.HomeController.index(javax.servlet.http.HttpServletRequest,org.springframework.ui.ModelMap)
[INFO ][20170417 19:49:51,477][AbstractHandlerMethodMapping$MappingRegistry:543] Mapped "{[/404]}" onto public org.springframework.web.servlet.ModelAndView com.wenhua.web.controller.HomeController.pageNotFound(org.springframework.ui.ModelMap)
[INFO ][20170417 19:49:51,477][AbstractHandlerMethodMapping$MappingRegistry:543] Mapped "{[/403]}" onto public org.springframework.web.servlet.ModelAndView com.wenhua.web.controller.HomeController.noPermission(org.springframework.ui.ModelMap)
[INFO ][20170417 19:49:51,517][AbstractUrlHandlerMapping:354] Mapped URL path [/scripts/**] onto handler 'org.springframework.web.servlet.resource.ResourceHttpRequestHandler#0'
[INFO ][20170417 19:49:51,521][AbstractUrlHandlerMapping:354] Mapped URL path [/images/**] onto handler 'org.springframework.web.servlet.resource.ResourceHttpRequestHandler#1'
[INFO ][20170417 19:49:51,527][AbstractUrlHandlerMapping:354] Mapped URL path [/styles/**] onto handler 'org.springframework.web.servlet.resource.ResourceHttpRequestHandler#2'
[INFO ][20170417 19:49:51,638][FreeMarkerConfigurer:127] ClassTemplateLoader for Spring macros added to FreeMarker configuration
[INFO ][20170417 19:49:51,743][FrameworkServlet:508] FrameworkServlet 'springMVC': initialization completed in 1217 ms
[WARN ][20170417 19:50:00,554][_Log4jLoggerFactory$Log4jLogger:74] Custom EL functions won't be loaded because no ObjectWrapper was specified for the TaglibFactory (via TaglibFactory.setObjectWrapper(...), exists since 2.3.22).
[WARN ][20170417 19:50:14,559][DispatcherServlet:1161] No mapping found for HTTP request with URI [/ucenter/modify_password] in DispatcherServlet with name 'springMVC'
[INFO ][20170417 20:11:57,126][ContextLoader:305] Root WebApplicationContext: initialization started
[INFO ][20170417 20:11:57,189][AbstractApplicationContext:582] Refreshing Root WebApplicationContext: startup date [Mon Apr 17 20:11:57 CST 2017]; root of context hierarchy
[INFO ][20170417 20:11:57,248][XmlBeanDefinitionReader:317] Loading XML bean definitions from ServletContext resource [/WEB-INF/conf/app-config.xml]
[INFO ][20170417 20:11:57,528][XmlBeanDefinitionReader:317] Loading XML bean definitions from ServletContext resource [/WEB-INF/conf/app-context.xml]
[INFO ][20170417 20:11:57,889][PropertiesLoaderSupport:172] Loading properties file from file [D:\workspace2\wenhua-parent\wenhua-web-console\target\classes\app-config.properties]
[INFO ][20170417 20:11:57,890][PropertiesLoaderSupport:172] Loading properties file from file [D:\workspace2\wenhua-parent\wenhua-web-console\target\classes\app-database.properties]
[INFO ][20170417 20:11:57,894][PropertiesLoaderSupport:172] Loading properties file from URL [file:/D:/workspace2/wenhua-parent/wenhua-web-console/target/classes/app-database.properties]
[ERROR][20170417 20:11:58,306][DruidDataSource:570] testWhileIdle is true, validationQuery not set
[INFO ][20170417 20:11:58,667][DruidDataSource:456] {dataSource-1} inited
[INFO ][20170417 20:11:58,978][ContextLoader:345] Root WebApplicationContext: initialization completed in 1850 ms
[INFO ][20170417 20:11:59,061][FrameworkServlet:489] FrameworkServlet 'springMVC': initialization started
[INFO ][20170417 20:11:59,064][AbstractApplicationContext:582] Refreshing WebApplicationContext for namespace 'springMVC-servlet': startup date [Mon Apr 17 20:11:59 CST 2017]; parent: Root WebApplicationContext
[INFO ][20170417 20:11:59,064][XmlBeanDefinitionReader:317] Loading XML bean definitions from ServletContext resource [/WEB-INF/conf/spring-mvc.xml]
[INFO ][20170417 20:11:59,455][PropertiesLoaderSupport:172] Loading properties file from class path resource [freemarker.properties]
[INFO ][20170417 20:11:59,594][AbstractHandlerMethodMapping$MappingRegistry:543] Mapped "{[ || / || /index],methods=[GET]}" onto public org.springframework.web.servlet.ModelAndView com.wenhua.web.controller.HomeController.index(javax.servlet.http.HttpServletRequest,org.springframework.ui.ModelMap)
[INFO ][20170417 20:11:59,595][AbstractHandlerMethodMapping$MappingRegistry:543] Mapped "{[/404]}" onto public org.springframework.web.servlet.ModelAndView com.wenhua.web.controller.HomeController.pageNotFound(org.springframework.ui.ModelMap)
[INFO ][20170417 20:11:59,597][AbstractHandlerMethodMapping$MappingRegistry:543] Mapped "{[/403]}" onto public org.springframework.web.servlet.ModelAndView com.wenhua.web.controller.HomeController.noPermission(org.springframework.ui.ModelMap)
[INFO ][20170417 20:11:59,772][RequestMappingHandlerAdapter:534] Looking for @ControllerAdvice: WebApplicationContext for namespace 'springMVC-servlet': startup date [Mon Apr 17 20:11:59 CST 2017]; parent: Root WebApplicationContext
[INFO ][20170417 20:11:59,835][RequestMappingHandlerAdapter:534] Looking for @ControllerAdvice: WebApplicationContext for namespace 'springMVC-servlet': startup date [Mon Apr 17 20:11:59 CST 2017]; parent: Root WebApplicationContext
[INFO ][20170417 20:11:59,919][RequestMappingHandlerAdapter:534] Looking for @ControllerAdvice: WebApplicationContext for namespace 'springMVC-servlet': startup date [Mon Apr 17 20:11:59 CST 2017]; parent: Root WebApplicationContext
[INFO ][20170417 20:11:59,930][AbstractHandlerMethodMapping$MappingRegistry:543] Mapped "{[ || / || /index],methods=[GET]}" onto public org.springframework.web.servlet.ModelAndView com.wenhua.web.controller.HomeController.index(javax.servlet.http.HttpServletRequest,org.springframework.ui.ModelMap)
[INFO ][20170417 20:11:59,931][AbstractHandlerMethodMapping$MappingRegistry:543] Mapped "{[/404]}" onto public org.springframework.web.servlet.ModelAndView com.wenhua.web.controller.HomeController.pageNotFound(org.springframework.ui.ModelMap)
[INFO ][20170417 20:11:59,931][AbstractHandlerMethodMapping$MappingRegistry:543] Mapped "{[/403]}" onto public org.springframework.web.servlet.ModelAndView com.wenhua.web.controller.HomeController.noPermission(org.springframework.ui.ModelMap)
[INFO ][20170417 20:11:59,985][AbstractUrlHandlerMapping:354] Mapped URL path [/scripts/**] onto handler 'org.springframework.web.servlet.resource.ResourceHttpRequestHandler#0'
[INFO ][20170417 20:11:59,989][AbstractUrlHandlerMapping:354] Mapped URL path [/images/**] onto handler 'org.springframework.web.servlet.resource.ResourceHttpRequestHandler#1'
[INFO ][20170417 20:11:59,994][AbstractUrlHandlerMapping:354] Mapped URL path [/styles/**] onto handler 'org.springframework.web.servlet.resource.ResourceHttpRequestHandler#2'
[INFO ][20170417 20:12:00,101][FreeMarkerConfigurer:127] ClassTemplateLoader for Spring macros added to FreeMarker configuration
[INFO ][20170417 20:12:00,199][FrameworkServlet:508] FrameworkServlet 'springMVC': initialization completed in 1138 ms
[WARN ][20170417 20:12:36,032][_Log4jLoggerFactory$Log4jLogger:74] Custom EL functions won't be loaded because no ObjectWrapper was specified for the TaglibFactory (via TaglibFactory.setObjectWrapper(...), exists since 2.3.22).
